<?xml version="1.0" encoding="UTF-8"?>
<TestRun id="a7032688-bc8e-4d93-a1a3-d6f3e9041c5f" name="calvep@SIAD111W 2014-04-16 13:27:38" runUser="HOC\calvep" xmlns="http://microsoft.com/schemas/VisualStudio/TeamTest/2010">
  <TestSettings name="Local" id="96334962-906c-46c9-8522-73141da7f407">
    <Description>These are default test settings for a local test run.</Description>
    <Deployment enabled="false" runDeploymentRoot="calvep_SIAD111W 2014-04-16 13_27_38">
      <DeploymentItem filename="C:\Program Files\Laurent Bugnion (GalaSoft)\Mvvm Light Toolkit\Binaries\WPF4\GalaSoft.MvvmLight.WPF4.dll" />
      <DeploymentItem filename="D:\dev\Not-Hoc\Patware\Splitix\Splitix\bin\Debug\Splitix.exe" />
      <DeploymentItem filename="C:\Program Files\Laurent Bugnion (GalaSoft)\Mvvm Light Toolkit\Binaries\WPF4\Microsoft.Practices.ServiceLocation.dll" />
      <DeploymentItem filename="C:\Program Files\Laurent Bugnion (GalaSoft)\Mvvm Light Toolkit\Binaries\WPF4\System.Windows.Interactivity.dll" />
      <DeploymentItem filename="C:\Program Files\Laurent Bugnion (GalaSoft)\Mvvm Light Toolkit\Binaries\WPF4\GalaSoft.MvvmLight.Extras.WPF4.dll" />
    </Deployment>
    <Execution>
      <TestTypeSpecific />
      <AgentRule name="Execution Agents">
      </AgentRule>
    </Execution>
  </TestSettings>
  <Times creation="2014-04-16T13:27:38.3315225-04:00" queuing="2014-04-16T13:27:38.4205225-04:00" start="2014-04-16T13:27:38.4265225-04:00" finish="2014-04-16T13:27:38.6800225-04:00" />
  <ResultSummary outcome="Failed">
    <Counters total="10" executed="10" passed="8" error="0" failed="2" timeout="0" aborted="0" inconclusive="0" passedButRunAborted="0" notRunnable="0" notExecuted="0" disconnected="0" warning="0" completed="0" inProgress="0" pending="0" />
  </ResultSummary>
  <TestDefinitions>
    <UnitTest name="parse_3_Item_1_Row_ColumnFirst" storage="d:\dev\not-hoc\patware\splitix\splitix.testproject\bin\debug\splitix.testproject.dll" id="a3311cf5-6865-9b0e-dab6-15c9ba2b116c">
      <Execution id="8f05ea96-657e-4cd3-877b-bcce6d7c88fe" />
      <TestMethod codeBase="D:/dev/Not-Hoc/Patware/Splitix/Splitix.TestProject/bin/Debug/Splitix.TestProject.DLL" adapterTypeName="Microsoft.VisualStudio.TestTools.TestTypes.Unit.UnitTestAdapter, Microsoft.VisualStudio.QualityTools.Tips.UnitTest.Adapter, Version=10.0.0.0, Culture=neutral, PublicKeyToken=b03f5f7f11d50a3a" className="Splitix.TestProject.InputParserTest, Splitix.TestProject, Version=1.0.0.0, Culture=neutral, PublicKeyToken=null" name="parse_3_Item_1_Row_ColumnFirst" />
    </UnitTest>
    <UnitTest name="parse_3_Item_2_Row_ColumnFirst" storage="d:\dev\not-hoc\patware\splitix\splitix.testproject\bin\debug\splitix.testproject.dll" id="43ece54b-5582-ac28-77d4-e998fcdd1b12">
      <Execution id="debab500-45fd-4032-9cc7-3d132df17dc7" />
      <TestMethod codeBase="D:/dev/Not-Hoc/Patware/Splitix/Splitix.TestProject/bin/Debug/Splitix.TestProject.DLL" adapterTypeName="Microsoft.VisualStudio.TestTools.TestTypes.Unit.UnitTestAdapter, Microsoft.VisualStudio.QualityTools.Tips.UnitTest.Adapter, Version=10.0.0.0, Culture=neutral, PublicKeyToken=b03f5f7f11d50a3a" className="Splitix.TestProject.InputParserTest, Splitix.TestProject, Version=1.0.0.0, Culture=neutral, PublicKeyToken=null" name="parse_3_Item_2_Row_ColumnFirst" />
    </UnitTest>
    <UnitTest name="parse_5_Items_2_Column_ColumnFirst" storage="d:\dev\not-hoc\patware\splitix\splitix.testproject\bin\debug\splitix.testproject.dll" id="aa743795-2613-887b-cfb9-0283e2e79f24">
      <Execution id="58b21841-e1b6-46d2-8093-1915970785ad" />
      <TestMethod codeBase="D:/dev/Not-Hoc/Patware/Splitix/Splitix.TestProject/bin/Debug/Splitix.TestProject.DLL" adapterTypeName="Microsoft.VisualStudio.TestTools.TestTypes.Unit.UnitTestAdapter, Microsoft.VisualStudio.QualityTools.Tips.UnitTest.Adapter, Version=10.0.0.0, Culture=neutral, PublicKeyToken=b03f5f7f11d50a3a" className="Splitix.TestProject.InputParserTest, Splitix.TestProject, Version=1.0.0.0, Culture=neutral, PublicKeyToken=null" name="parse_5_Items_2_Column_ColumnFirst" />
    </UnitTest>
    <UnitTest name="parse_1_Item_1_Row_ColumnFirst" storage="d:\dev\not-hoc\patware\splitix\splitix.testproject\bin\debug\splitix.testproject.dll" id="4e595a02-5165-da07-70ba-b9273875f461">
      <Execution id="b73b598a-6246-432d-94f4-a89548ffd4aa" />
      <TestMethod codeBase="D:/dev/Not-Hoc/Patware/Splitix/Splitix.TestProject/bin/Debug/Splitix.TestProject.DLL" adapterTypeName="Microsoft.VisualStudio.TestTools.TestTypes.Unit.UnitTestAdapter, Microsoft.VisualStudio.QualityTools.Tips.UnitTest.Adapter, Version=10.0.0.0, Culture=neutral, PublicKeyToken=b03f5f7f11d50a3a" className="Splitix.TestProject.InputParserTest, Splitix.TestProject, Version=1.0.0.0, Culture=neutral, PublicKeyToken=null" name="parse_1_Item_1_Row_ColumnFirst" />
    </UnitTest>
    <UnitTest name="parse_Empty_Item_0_Row_ColumnFirst" storage="d:\dev\not-hoc\patware\splitix\splitix.testproject\bin\debug\splitix.testproject.dll" id="24103485-3cbe-2ccf-76b7-8389572004e1">
      <Execution id="3055a624-5d68-4f9f-880a-fc69518dcd28" />
      <TestMethod codeBase="D:/dev/Not-Hoc/Patware/Splitix/Splitix.TestProject/bin/Debug/Splitix.TestProject.DLL" adapterTypeName="Microsoft.VisualStudio.TestTools.TestTypes.Unit.UnitTestAdapter, Microsoft.VisualStudio.QualityTools.Tips.UnitTest.Adapter, Version=10.0.0.0, Culture=neutral, PublicKeyToken=b03f5f7f11d50a3a" className="Splitix.TestProject.InputParserTest, Splitix.TestProject, Version=1.0.0.0, Culture=neutral, PublicKeyToken=null" name="parse_Empty_Item_0_Row_ColumnFirst" />
    </UnitTest>
    <UnitTest name="parse_2_Items_1_Column_ColumnFirst" storage="d:\dev\not-hoc\patware\splitix\splitix.testproject\bin\debug\splitix.testproject.dll" id="05712297-3e25-23eb-60d4-f2edfd671028">
      <Execution id="f400ea71-1c10-4920-9426-343eff4b2711" />
      <TestMethod codeBase="D:/dev/Not-Hoc/Patware/Splitix/Splitix.TestProject/bin/Debug/Splitix.TestProject.DLL" adapterTypeName="Microsoft.VisualStudio.TestTools.TestTypes.Unit.UnitTestAdapter, Microsoft.VisualStudio.QualityTools.Tips.UnitTest.Adapter, Version=10.0.0.0, Culture=neutral, PublicKeyToken=b03f5f7f11d50a3a" className="Splitix.TestProject.InputParserTest, Splitix.TestProject, Version=1.0.0.0, Culture=neutral, PublicKeyToken=null" name="parse_2_Items_1_Column_ColumnFirst" />
    </UnitTest>
    <UnitTest name="parse_2_Item_1_Row_ColumnFirst" storage="d:\dev\not-hoc\patware\splitix\splitix.testproject\bin\debug\splitix.testproject.dll" id="3b512972-85e2-b8d2-b133-21490a0650fa">
      <Execution id="e16f9b56-82e0-4a55-a7d0-c730b96f582d" />
      <TestMethod codeBase="D:/dev/Not-Hoc/Patware/Splitix/Splitix.TestProject/bin/Debug/Splitix.TestProject.DLL" adapterTypeName="Microsoft.VisualStudio.TestTools.TestTypes.Unit.UnitTestAdapter, Microsoft.VisualStudio.QualityTools.Tips.UnitTest.Adapter, Version=10.0.0.0, Culture=neutral, PublicKeyToken=b03f5f7f11d50a3a" className="Splitix.TestProject.InputParserTest, Splitix.TestProject, Version=1.0.0.0, Culture=neutral, PublicKeyToken=null" name="parse_2_Item_1_Row_ColumnFirst" />
    </UnitTest>
    <UnitTest name="parse_Empty_No_Input" storage="d:\dev\not-hoc\patware\splitix\splitix.testproject\bin\debug\splitix.testproject.dll" id="5dcfc424-f7b4-7105-8417-b869a2c3dcbd">
      <Execution id="50812f3c-93e8-495c-a936-3a5c0e727eff" />
      <TestMethod codeBase="D:/dev/Not-Hoc/Patware/Splitix/Splitix.TestProject/bin/Debug/Splitix.TestProject.DLL" adapterTypeName="Microsoft.VisualStudio.TestTools.TestTypes.Unit.UnitTestAdapter, Microsoft.VisualStudio.QualityTools.Tips.UnitTest.Adapter, Version=10.0.0.0, Culture=neutral, PublicKeyToken=b03f5f7f11d50a3a" className="Splitix.TestProject.InputParserTest, Splitix.TestProject, Version=1.0.0.0, Culture=neutral, PublicKeyToken=null" name="parse_Empty_No_Input" />
    </UnitTest>
    <UnitTest name="parse_1_Item_1_Column_ColumnFirst" storage="d:\dev\not-hoc\patware\splitix\splitix.testproject\bin\debug\splitix.testproject.dll" id="83aa362c-31fd-bf2c-367e-e87fcdaf31d6">
      <Execution id="4774261c-470c-4557-8a5f-3e83dc2ff071" />
      <TestMethod codeBase="D:/dev/Not-Hoc/Patware/Splitix/Splitix.TestProject/bin/Debug/Splitix.TestProject.DLL" adapterTypeName="Microsoft.VisualStudio.TestTools.TestTypes.Unit.UnitTestAdapter, Microsoft.VisualStudio.QualityTools.Tips.UnitTest.Adapter, Version=10.0.0.0, Culture=neutral, PublicKeyToken=b03f5f7f11d50a3a" className="Splitix.TestProject.InputParserTest, Splitix.TestProject, Version=1.0.0.0, Culture=neutral, PublicKeyToken=null" name="parse_1_Item_1_Column_ColumnFirst" />
    </UnitTest>
    <UnitTest name="parse_1_Item_2_Column_ColumnFirst" storage="d:\dev\not-hoc\patware\splitix\splitix.testproject\bin\debug\splitix.testproject.dll" id="412ba3ad-e262-b53b-5f3e-b24ef3818b63">
      <Execution id="e6b7033d-78e3-4054-96c8-219f1c74db88" />
      <TestMethod codeBase="D:/dev/Not-Hoc/Patware/Splitix/Splitix.TestProject/bin/Debug/Splitix.TestProject.DLL" adapterTypeName="Microsoft.VisualStudio.TestTools.TestTypes.Unit.UnitTestAdapter, Microsoft.VisualStudio.QualityTools.Tips.UnitTest.Adapter, Version=10.0.0.0, Culture=neutral, PublicKeyToken=b03f5f7f11d50a3a" className="Splitix.TestProject.InputParserTest, Splitix.TestProject, Version=1.0.0.0, Culture=neutral, PublicKeyToken=null" name="parse_1_Item_2_Column_ColumnFirst" />
    </UnitTest>
  </TestDefinitions>
  <TestLists>
    <TestList name="Results Not in a List" id="8c84fa94-04c1-424b-9868-57a2d4851a1d" />
    <TestList name="All Loaded Results" id="19431567-8539-422a-85d7-44ee4e166bda" />
  </TestLists>
  <TestEntries>
    <TestEntry testId="05712297-3e25-23eb-60d4-f2edfd671028" executionId="f400ea71-1c10-4920-9426-343eff4b2711" testListId="8c84fa94-04c1-424b-9868-57a2d4851a1d" />
    <TestEntry testId="24103485-3cbe-2ccf-76b7-8389572004e1" executionId="3055a624-5d68-4f9f-880a-fc69518dcd28" testListId="8c84fa94-04c1-424b-9868-57a2d4851a1d" />
    <TestEntry testId="3b512972-85e2-b8d2-b133-21490a0650fa" executionId="e16f9b56-82e0-4a55-a7d0-c730b96f582d" testListId="8c84fa94-04c1-424b-9868-57a2d4851a1d" />
    <TestEntry testId="412ba3ad-e262-b53b-5f3e-b24ef3818b63" executionId="e6b7033d-78e3-4054-96c8-219f1c74db88" testListId="8c84fa94-04c1-424b-9868-57a2d4851a1d" />
    <TestEntry testId="43ece54b-5582-ac28-77d4-e998fcdd1b12" executionId="debab500-45fd-4032-9cc7-3d132df17dc7" testListId="8c84fa94-04c1-424b-9868-57a2d4851a1d" />
    <TestEntry testId="4e595a02-5165-da07-70ba-b9273875f461" executionId="b73b598a-6246-432d-94f4-a89548ffd4aa" testListId="8c84fa94-04c1-424b-9868-57a2d4851a1d" />
    <TestEntry testId="5dcfc424-f7b4-7105-8417-b869a2c3dcbd" executionId="50812f3c-93e8-495c-a936-3a5c0e727eff" testListId="8c84fa94-04c1-424b-9868-57a2d4851a1d" />
    <TestEntry testId="83aa362c-31fd-bf2c-367e-e87fcdaf31d6" executionId="4774261c-470c-4557-8a5f-3e83dc2ff071" testListId="8c84fa94-04c1-424b-9868-57a2d4851a1d" />
    <TestEntry testId="a3311cf5-6865-9b0e-dab6-15c9ba2b116c" executionId="8f05ea96-657e-4cd3-877b-bcce6d7c88fe" testListId="8c84fa94-04c1-424b-9868-57a2d4851a1d" />
    <TestEntry testId="aa743795-2613-887b-cfb9-0283e2e79f24" executionId="58b21841-e1b6-46d2-8093-1915970785ad" testListId="8c84fa94-04c1-424b-9868-57a2d4851a1d" />
  </TestEntries>
  <Results>
    <UnitTestResult executionId="f400ea71-1c10-4920-9426-343eff4b2711" testId="05712297-3e25-23eb-60d4-f2edfd671028" testName="parse_2_Items_1_Column_ColumnFirst" computerName="SIAD111W" duration="00:00:00.0346559" startTime="2014-04-16T13:27:38.4305225-04:00" endTime="2014-04-16T13:27:38.6175225-04:00" testType="13cdc9d9-ddb5-4fa4-a97d-d965ccfc6d4b" outcome="Failed" testListId="8c84fa94-04c1-424b-9868-57a2d4851a1d" relativeResultsDirectory="f400ea71-1c10-4920-9426-343eff4b2711">
      <Output>
        <ErrorInfo>
          <Message>Assert.AreEqual failed. Expected:&lt;A	B&gt;. Actual:&lt;A
B&gt;. </Message>
          <StackTrace>   at Splitix.TestProject.InputParserTest.parse_2_Items_1_Column_ColumnFirst() in D:\dev\Not-Hoc\Patware\Splitix\Splitix.TestProject\InputParserTest.cs:line 117
</StackTrace>
        </ErrorInfo>
      </Output>
    </UnitTestResult>
    <UnitTestResult executionId="3055a624-5d68-4f9f-880a-fc69518dcd28" testId="24103485-3cbe-2ccf-76b7-8389572004e1" testName="parse_Empty_Item_0_Row_ColumnFirst" computerName="SIAD111W" duration="00:00:00.0003198" startTime="2014-04-16T13:27:38.6205225-04:00" endTime="2014-04-16T13:27:38.6230225-04:00" testType="13cdc9d9-ddb5-4fa4-a97d-d965ccfc6d4b" outcome="Passed" testListId="8c84fa94-04c1-424b-9868-57a2d4851a1d" relativeResultsDirectory="3055a624-5d68-4f9f-880a-fc69518dcd28">
    </UnitTestResult>
    <UnitTestResult executionId="e16f9b56-82e0-4a55-a7d0-c730b96f582d" testId="3b512972-85e2-b8d2-b133-21490a0650fa" testName="parse_2_Item_1_Row_ColumnFirst" computerName="SIAD111W" duration="00:00:00.0004967" startTime="2014-04-16T13:27:38.6260225-04:00" endTime="2014-04-16T13:27:38.6295225-04:00" testType="13cdc9d9-ddb5-4fa4-a97d-d965ccfc6d4b" outcome="Passed" testListId="8c84fa94-04c1-424b-9868-57a2d4851a1d" relativeResultsDirectory="e16f9b56-82e0-4a55-a7d0-c730b96f582d">
    </UnitTestResult>
    <UnitTestResult executionId="e6b7033d-78e3-4054-96c8-219f1c74db88" testId="412ba3ad-e262-b53b-5f3e-b24ef3818b63" testName="parse_1_Item_2_Column_ColumnFirst" computerName="SIAD111W" duration="00:00:00.0002045" startTime="2014-04-16T13:27:38.6325225-04:00" endTime="2014-04-16T13:27:38.6350225-04:00" testType="13cdc9d9-ddb5-4fa4-a97d-d965ccfc6d4b" outcome="Passed" testListId="8c84fa94-04c1-424b-9868-57a2d4851a1d" relativeResultsDirectory="e6b7033d-78e3-4054-96c8-219f1c74db88">
    </UnitTestResult>
    <UnitTestResult executionId="debab500-45fd-4032-9cc7-3d132df17dc7" testId="43ece54b-5582-ac28-77d4-e998fcdd1b12" testName="parse_3_Item_2_Row_ColumnFirst" computerName="SIAD111W" duration="00:00:00.0002103" startTime="2014-04-16T13:27:38.6380225-04:00" endTime="2014-04-16T13:27:38.6405225-04:00" testType="13cdc9d9-ddb5-4fa4-a97d-d965ccfc6d4b" outcome="Passed" testListId="8c84fa94-04c1-424b-9868-57a2d4851a1d" relativeResultsDirectory="debab500-45fd-4032-9cc7-3d132df17dc7">
    </UnitTestResult>
    <UnitTestResult executionId="b73b598a-6246-432d-94f4-a89548ffd4aa" testId="4e595a02-5165-da07-70ba-b9273875f461" testName="parse_1_Item_1_Row_ColumnFirst" computerName="SIAD111W" duration="00:00:00.0002183" startTime="2014-04-16T13:27:38.6435225-04:00" endTime="2014-04-16T13:27:38.6460225-04:00" testType="13cdc9d9-ddb5-4fa4-a97d-d965ccfc6d4b" outcome="Passed" testListId="8c84fa94-04c1-424b-9868-57a2d4851a1d" relativeResultsDirectory="b73b598a-6246-432d-94f4-a89548ffd4aa">
    </UnitTestResult>
    <UnitTestResult executionId="50812f3c-93e8-495c-a936-3a5c0e727eff" testId="5dcfc424-f7b4-7105-8417-b869a2c3dcbd" testName="parse_Empty_No_Input" computerName="SIAD111W" duration="00:00:00.0002098" startTime="2014-04-16T13:27:38.6490225-04:00" endTime="2014-04-16T13:27:38.6510225-04:00" testType="13cdc9d9-ddb5-4fa4-a97d-d965ccfc6d4b" outcome="Passed" testListId="8c84fa94-04c1-424b-9868-57a2d4851a1d" relativeResultsDirectory="50812f3c-93e8-495c-a936-3a5c0e727eff">
    </UnitTestResult>
    <UnitTestResult executionId="4774261c-470c-4557-8a5f-3e83dc2ff071" testId="83aa362c-31fd-bf2c-367e-e87fcdaf31d6" testName="parse_1_Item_1_Column_ColumnFirst" computerName="SIAD111W" duration="00:00:00.0002000" startTime="2014-04-16T13:27:38.6540225-04:00" endTime="2014-04-16T13:27:38.6560225-04:00" testType="13cdc9d9-ddb5-4fa4-a97d-d965ccfc6d4b" outcome="Passed" testListId="8c84fa94-04c1-424b-9868-57a2d4851a1d" relativeResultsDirectory="4774261c-470c-4557-8a5f-3e83dc2ff071">
    </UnitTestResult>
    <UnitTestResult executionId="8f05ea96-657e-4cd3-877b-bcce6d7c88fe" testId="a3311cf5-6865-9b0e-dab6-15c9ba2b116c" testName="parse_3_Item_1_Row_ColumnFirst" computerName="SIAD111W" duration="00:00:00.0002681" startTime="2014-04-16T13:27:38.6590225-04:00" endTime="2014-04-16T13:27:38.6615225-04:00" testType="13cdc9d9-ddb5-4fa4-a97d-d965ccfc6d4b" outcome="Passed" testListId="8c84fa94-04c1-424b-9868-57a2d4851a1d" relativeResultsDirectory="8f05ea96-657e-4cd3-877b-bcce6d7c88fe">
    </UnitTestResult>
    <UnitTestResult executionId="58b21841-e1b6-46d2-8093-1915970785ad" testId="aa743795-2613-887b-cfb9-0283e2e79f24" testName="parse_5_Items_2_Column_ColumnFirst" computerName="SIAD111W" duration="00:00:00.0012191" startTime="2014-04-16T13:27:38.6645225-04:00" endTime="2014-04-16T13:27:38.6675225-04:00" testType="13cdc9d9-ddb5-4fa4-a97d-d965ccfc6d4b" outcome="Failed" testListId="8c84fa94-04c1-424b-9868-57a2d4851a1d" relativeResultsDirectory="58b21841-e1b6-46d2-8093-1915970785ad">
      <Output>
        <ErrorInfo>
          <Message>Assert.AreEqual failed. Expected:&lt;A	C	E
B	D&gt;. Actual:&lt;A	D
B	E
C&gt;. </Message>
          <StackTrace>   at Splitix.TestProject.InputParserTest.parse_5_Items_2_Column_ColumnFirst() in D:\dev\Not-Hoc\Patware\Splitix\Splitix.TestProject\InputParserTest.cs:line 130
</StackTrace>
        </ErrorInfo>
      </Output>
    </UnitTestResult>
  </Results>
</TestRun>