<?xml version="1.0" encoding="UTF-8"?>
<TestRun id="f27de270-4dec-4c7b-b35e-844ebef3036b" name="calvep@SIAD111W 2014-04-16 13:14:25" runUser="HOC\calvep" xmlns="http://microsoft.com/schemas/VisualStudio/TeamTest/2010">
  <TestSettings name="Local" id="96334962-906c-46c9-8522-73141da7f407">
    <Description>These are default test settings for a local test run.</Description>
    <Deployment enabled="false" runDeploymentRoot="calvep_SIAD111W 2014-04-16 13_14_25">
      <DeploymentItem filename="C:\Program Files\Laurent Bugnion (GalaSoft)\Mvvm Light Toolkit\Binaries\WPF4\GalaSoft.MvvmLight.WPF4.dll" />
      <DeploymentItem filename="D:\dev\Not-Hoc\Patware\Splitix\Splitix\bin\Debug\Splitix.exe" />
      <DeploymentItem filename="C:\Program Files\Laurent Bugnion (GalaSoft)\Mvvm Light Toolkit\Binaries\WPF4\Microsoft.Practices.ServiceLocation.dll" />
      <DeploymentItem filename="C:\Program Files\Laurent Bugnion (GalaSoft)\Mvvm Light Toolkit\Binaries\WPF4\System.Windows.Interactivity.dll" />
      <DeploymentItem filename="C:\Program Files\Laurent Bugnion (GalaSoft)\Mvvm Light Toolkit\Binaries\WPF4\GalaSoft.MvvmLight.Extras.WPF4.dll" />
    </Deployment>
    <Execution>
      <TestTypeSpecific />
      <AgentRule name="Execution Agents">
      </AgentRule>
    </Execution>
  </TestSettings>
  <Times creation="2014-04-16T13:14:25.6925225-04:00" queuing="2014-04-16T13:14:28.1865225-04:00" start="2014-04-16T13:14:28.3925225-04:00" finish="2014-04-16T13:14:28.9500225-04:00" />
  <ResultSummary outcome="Failed">
    <Counters total="10" executed="10" error="0" failed="10" timeout="0" aborted="0" inconclusive="0" passedButRunAborted="0" notRunnable="0" notExecuted="0" disconnected="0" warning="0" passed="0" completed="0" inProgress="0" pending="0" />
  </ResultSummary>
  <TestDefinitions>
    <UnitTest name="parseIntoItemsPerColumn_2_Strings_1_ItemPerColumn" storage="d:\dev\not-hoc\patware\splitix\splitix.testproject\bin\debug\splitix.testproject.dll" id="b754497b-5983-f49f-3677-2227d05031f9">
      <Execution id="605bec41-d71f-4fa2-9793-94620021a961" />
      <TestMethod codeBase="D:/dev/Not-Hoc/Patware/Splitix/Splitix.TestProject/bin/Debug/Splitix.TestProject.DLL" adapterTypeName="Microsoft.VisualStudio.TestTools.TestTypes.Unit.UnitTestAdapter, Microsoft.VisualStudio.QualityTools.Tips.UnitTest.Adapter, Version=10.0.0.0, Culture=neutral, PublicKeyToken=b03f5f7f11d50a3a" className="Splitix.TestProject.InputParserTest, Splitix.TestProject, Version=1.0.0.0, Culture=neutral, PublicKeyToken=null" name="parseIntoItemsPerColumn_2_Strings_1_ItemPerColumn" />
    </UnitTest>
    <UnitTest name="parseIntoItemsPerColumn_No_Input" storage="d:\dev\not-hoc\patware\splitix\splitix.testproject\bin\debug\splitix.testproject.dll" id="2745857b-245a-5252-5eca-e22a70d04d20">
      <Execution id="de51028a-a5e1-4adb-9bc8-b90a183cd7b8" />
      <TestMethod codeBase="D:/dev/Not-Hoc/Patware/Splitix/Splitix.TestProject/bin/Debug/Splitix.TestProject.DLL" adapterTypeName="Microsoft.VisualStudio.TestTools.TestTypes.Unit.UnitTestAdapter, Microsoft.VisualStudio.QualityTools.Tips.UnitTest.Adapter, Version=10.0.0.0, Culture=neutral, PublicKeyToken=b03f5f7f11d50a3a" className="Splitix.TestProject.InputParserTest, Splitix.TestProject, Version=1.0.0.0, Culture=neutral, PublicKeyToken=null" name="parseIntoItemsPerColumn_No_Input" />
    </UnitTest>
    <UnitTest name="parseIntoItemsPerColumn_1_Strings_1_ItemPerColumn" storage="d:\dev\not-hoc\patware\splitix\splitix.testproject\bin\debug\splitix.testproject.dll" id="295a8d41-88b0-4bed-aae9-06fc99c863de">
      <Execution id="f5be7d3f-7b35-444f-b53a-b2f13e1c329d" />
      <TestMethod codeBase="D:/dev/Not-Hoc/Patware/Splitix/Splitix.TestProject/bin/Debug/Splitix.TestProject.DLL" adapterTypeName="Microsoft.VisualStudio.TestTools.TestTypes.Unit.UnitTestAdapter, Microsoft.VisualStudio.QualityTools.Tips.UnitTest.Adapter, Version=10.0.0.0, Culture=neutral, PublicKeyToken=b03f5f7f11d50a3a" className="Splitix.TestProject.InputParserTest, Splitix.TestProject, Version=1.0.0.0, Culture=neutral, PublicKeyToken=null" name="parseIntoItemsPerColumn_1_Strings_1_ItemPerColumn" />
    </UnitTest>
    <UnitTest name="parseIntoColumns_3_Strings_1_Column" storage="d:\dev\not-hoc\patware\splitix\splitix.testproject\bin\debug\splitix.testproject.dll" id="dd0e252f-67f1-ad9d-9c90-04ae3bf05420">
      <Execution id="a0b772df-58a8-4675-b553-85605cca2be2" />
      <TestMethod codeBase="D:/dev/Not-Hoc/Patware/Splitix/Splitix.TestProject/bin/Debug/Splitix.TestProject.DLL" adapterTypeName="Microsoft.VisualStudio.TestTools.TestTypes.Unit.UnitTestAdapter, Microsoft.VisualStudio.QualityTools.Tips.UnitTest.Adapter, Version=10.0.0.0, Culture=neutral, PublicKeyToken=b03f5f7f11d50a3a" className="Splitix.TestProject.InputParserTest, Splitix.TestProject, Version=1.0.0.0, Culture=neutral, PublicKeyToken=null" name="parseIntoColumns_3_Strings_1_Column" />
    </UnitTest>
    <UnitTest name="parseIntoColumns_3_Strings_2_Column" storage="d:\dev\not-hoc\patware\splitix\splitix.testproject\bin\debug\splitix.testproject.dll" id="3aa5b040-6712-f5d6-1a17-6366b14340f0">
      <Execution id="93500077-1dac-4aab-8309-ce05d99248cf" />
      <TestMethod codeBase="D:/dev/Not-Hoc/Patware/Splitix/Splitix.TestProject/bin/Debug/Splitix.TestProject.DLL" adapterTypeName="Microsoft.VisualStudio.TestTools.TestTypes.Unit.UnitTestAdapter, Microsoft.VisualStudio.QualityTools.Tips.UnitTest.Adapter, Version=10.0.0.0, Culture=neutral, PublicKeyToken=b03f5f7f11d50a3a" className="Splitix.TestProject.InputParserTest, Splitix.TestProject, Version=1.0.0.0, Culture=neutral, PublicKeyToken=null" name="parseIntoColumns_3_Strings_2_Column" />
    </UnitTest>
    <UnitTest name="parseIntoColumns_No_Input" storage="d:\dev\not-hoc\patware\splitix\splitix.testproject\bin\debug\splitix.testproject.dll" id="26d72543-a34e-71fe-fa74-3eba4ab42cca">
      <Execution id="bbf9e394-ae37-4bb7-a44f-6b7442def37e" />
      <TestMethod codeBase="D:/dev/Not-Hoc/Patware/Splitix/Splitix.TestProject/bin/Debug/Splitix.TestProject.DLL" adapterTypeName="Microsoft.VisualStudio.TestTools.TestTypes.Unit.UnitTestAdapter, Microsoft.VisualStudio.QualityTools.Tips.UnitTest.Adapter, Version=10.0.0.0, Culture=neutral, PublicKeyToken=b03f5f7f11d50a3a" className="Splitix.TestProject.InputParserTest, Splitix.TestProject, Version=1.0.0.0, Culture=neutral, PublicKeyToken=null" name="parseIntoColumns_No_Input" />
    </UnitTest>
    <UnitTest name="parseIntoColumns_1_Strings_1_Column" storage="d:\dev\not-hoc\patware\splitix\splitix.testproject\bin\debug\splitix.testproject.dll" id="f3554f5a-6d63-5230-7f92-f231bb3a7ea4">
      <Execution id="d294ff44-8c2d-46c0-bd9b-42d55c1a9fa0" />
      <TestMethod codeBase="D:/dev/Not-Hoc/Patware/Splitix/Splitix.TestProject/bin/Debug/Splitix.TestProject.DLL" adapterTypeName="Microsoft.VisualStudio.TestTools.TestTypes.Unit.UnitTestAdapter, Microsoft.VisualStudio.QualityTools.Tips.UnitTest.Adapter, Version=10.0.0.0, Culture=neutral, PublicKeyToken=b03f5f7f11d50a3a" className="Splitix.TestProject.InputParserTest, Splitix.TestProject, Version=1.0.0.0, Culture=neutral, PublicKeyToken=null" name="parseIntoColumns_1_Strings_1_Column" />
    </UnitTest>
    <UnitTest name="parseIntoItemsPerColumn_5_Strings_2_ItemPerColumn" storage="d:\dev\not-hoc\patware\splitix\splitix.testproject\bin\debug\splitix.testproject.dll" id="76bacfa0-9d2c-d6fc-4b38-733334c7b3f9">
      <Execution id="cbdf6862-e996-45e9-9f1e-48a843e98a08" />
      <TestMethod codeBase="D:/dev/Not-Hoc/Patware/Splitix/Splitix.TestProject/bin/Debug/Splitix.TestProject.DLL" adapterTypeName="Microsoft.VisualStudio.TestTools.TestTypes.Unit.UnitTestAdapter, Microsoft.VisualStudio.QualityTools.Tips.UnitTest.Adapter, Version=10.0.0.0, Culture=neutral, PublicKeyToken=b03f5f7f11d50a3a" className="Splitix.TestProject.InputParserTest, Splitix.TestProject, Version=1.0.0.0, Culture=neutral, PublicKeyToken=null" name="parseIntoItemsPerColumn_5_Strings_2_ItemPerColumn" />
    </UnitTest>
    <UnitTest name="parseIntoItemsPerColumn_1_Strings_2_ItemPerColumn" storage="d:\dev\not-hoc\patware\splitix\splitix.testproject\bin\debug\splitix.testproject.dll" id="a9e8fe3b-fb5c-0cb0-8117-12c974ad5c97">
      <Execution id="267fd4a7-bbd2-4d4b-9eb1-18a9f48912e9" />
      <TestMethod codeBase="D:/dev/Not-Hoc/Patware/Splitix/Splitix.TestProject/bin/Debug/Splitix.TestProject.DLL" adapterTypeName="Microsoft.VisualStudio.TestTools.TestTypes.Unit.UnitTestAdapter, Microsoft.VisualStudio.QualityTools.Tips.UnitTest.Adapter, Version=10.0.0.0, Culture=neutral, PublicKeyToken=b03f5f7f11d50a3a" className="Splitix.TestProject.InputParserTest, Splitix.TestProject, Version=1.0.0.0, Culture=neutral, PublicKeyToken=null" name="parseIntoItemsPerColumn_1_Strings_2_ItemPerColumn" />
    </UnitTest>
    <UnitTest name="parseIntoColumns_2_Strings_1_Column" storage="d:\dev\not-hoc\patware\splitix\splitix.testproject\bin\debug\splitix.testproject.dll" id="ea913397-c704-acf2-a4b8-6ab0c1638e69">
      <Execution id="4cba83ca-323c-449b-9db4-62f5b0e2f6d3" />
      <TestMethod codeBase="D:/dev/Not-Hoc/Patware/Splitix/Splitix.TestProject/bin/Debug/Splitix.TestProject.DLL" adapterTypeName="Microsoft.VisualStudio.TestTools.TestTypes.Unit.UnitTestAdapter, Microsoft.VisualStudio.QualityTools.Tips.UnitTest.Adapter, Version=10.0.0.0, Culture=neutral, PublicKeyToken=b03f5f7f11d50a3a" className="Splitix.TestProject.InputParserTest, Splitix.TestProject, Version=1.0.0.0, Culture=neutral, PublicKeyToken=null" name="parseIntoColumns_2_Strings_1_Column" />
    </UnitTest>
  </TestDefinitions>
  <TestLists>
    <TestList name="Results Not in a List" id="8c84fa94-04c1-424b-9868-57a2d4851a1d" />
    <TestList name="All Loaded Results" id="19431567-8539-422a-85d7-44ee4e166bda" />
  </TestLists>
  <TestEntries>
    <TestEntry testId="26d72543-a34e-71fe-fa74-3eba4ab42cca" executionId="bbf9e394-ae37-4bb7-a44f-6b7442def37e" testListId="8c84fa94-04c1-424b-9868-57a2d4851a1d" />
    <TestEntry testId="2745857b-245a-5252-5eca-e22a70d04d20" executionId="de51028a-a5e1-4adb-9bc8-b90a183cd7b8" testListId="8c84fa94-04c1-424b-9868-57a2d4851a1d" />
    <TestEntry testId="295a8d41-88b0-4bed-aae9-06fc99c863de" executionId="f5be7d3f-7b35-444f-b53a-b2f13e1c329d" testListId="8c84fa94-04c1-424b-9868-57a2d4851a1d" />
    <TestEntry testId="3aa5b040-6712-f5d6-1a17-6366b14340f0" executionId="93500077-1dac-4aab-8309-ce05d99248cf" testListId="8c84fa94-04c1-424b-9868-57a2d4851a1d" />
    <TestEntry testId="76bacfa0-9d2c-d6fc-4b38-733334c7b3f9" executionId="cbdf6862-e996-45e9-9f1e-48a843e98a08" testListId="8c84fa94-04c1-424b-9868-57a2d4851a1d" />
    <TestEntry testId="a9e8fe3b-fb5c-0cb0-8117-12c974ad5c97" executionId="267fd4a7-bbd2-4d4b-9eb1-18a9f48912e9" testListId="8c84fa94-04c1-424b-9868-57a2d4851a1d" />
    <TestEntry testId="b754497b-5983-f49f-3677-2227d05031f9" executionId="605bec41-d71f-4fa2-9793-94620021a961" testListId="8c84fa94-04c1-424b-9868-57a2d4851a1d" />
    <TestEntry testId="dd0e252f-67f1-ad9d-9c90-04ae3bf05420" executionId="a0b772df-58a8-4675-b553-85605cca2be2" testListId="8c84fa94-04c1-424b-9868-57a2d4851a1d" />
    <TestEntry testId="ea913397-c704-acf2-a4b8-6ab0c1638e69" executionId="4cba83ca-323c-449b-9db4-62f5b0e2f6d3" testListId="8c84fa94-04c1-424b-9868-57a2d4851a1d" />
    <TestEntry testId="f3554f5a-6d63-5230-7f92-f231bb3a7ea4" executionId="d294ff44-8c2d-46c0-bd9b-42d55c1a9fa0" testListId="8c84fa94-04c1-424b-9868-57a2d4851a1d" />
  </TestEntries>
  <Results>
    <UnitTestResult executionId="bbf9e394-ae37-4bb7-a44f-6b7442def37e" testId="26d72543-a34e-71fe-fa74-3eba4ab42cca" testName="parseIntoColumns_No_Input" computerName="SIAD111W" duration="00:00:00.1726004" startTime="2014-04-16T13:14:28.4030225-04:00" endTime="2014-04-16T13:14:28.8565225-04:00" testType="13cdc9d9-ddb5-4fa4-a97d-d965ccfc6d4b" outcome="Failed" testListId="8c84fa94-04c1-424b-9868-57a2d4851a1d" relativeResultsDirectory="bbf9e394-ae37-4bb7-a44f-6b7442def37e">
      <Output>
        <ErrorInfo>
          <Message>Test method Splitix.TestProject.InputParserTest.parseIntoColumns_No_Input threw exception: 
System.ArgumentException: An item with the same key has already been added.</Message>
          <StackTrace>    at System.ThrowHelper.ThrowArgumentException(ExceptionResource resource)
   at System.Collections.Generic.Dictionary`2.Insert(TKey key, TValue value, Boolean add)
   at System.Collections.Generic.Dictionary`2.Add(TKey key, TValue value)
   at Splitix.Service.InputParser..ctor() in D:\dev\Not-Hoc\Patware\Splitix\Splitix\Service\InputParser.cs:line 36
   at Splitix.TestProject.InputParserTest.parseIntoColumns_No_Input() in D:\dev\Not-Hoc\Patware\Splitix\Splitix.TestProject\InputParserTest.cs:line 139
</StackTrace>
        </ErrorInfo>
      </Output>
    </UnitTestResult>
    <UnitTestResult executionId="de51028a-a5e1-4adb-9bc8-b90a183cd7b8" testId="2745857b-245a-5252-5eca-e22a70d04d20" testName="parseIntoItemsPerColumn_No_Input" computerName="SIAD111W" duration="00:00:00.0013603" startTime="2014-04-16T13:14:28.8600225-04:00" endTime="2014-04-16T13:14:28.8640225-04:00" testType="13cdc9d9-ddb5-4fa4-a97d-d965ccfc6d4b" outcome="Failed" testListId="8c84fa94-04c1-424b-9868-57a2d4851a1d" relativeResultsDirectory="de51028a-a5e1-4adb-9bc8-b90a183cd7b8">
      <Output>
        <ErrorInfo>
          <Message>Test method Splitix.TestProject.InputParserTest.parseIntoItemsPerColumn_No_Input threw exception: 
System.ArgumentException: An item with the same key has already been added.</Message>
          <StackTrace>    at System.ThrowHelper.ThrowArgumentException(ExceptionResource resource)
   at System.Collections.Generic.Dictionary`2.Insert(TKey key, TValue value, Boolean add)
   at System.Collections.Generic.Dictionary`2.Add(TKey key, TValue value)
   at Splitix.Service.InputParser..ctor() in D:\dev\Not-Hoc\Patware\Splitix\Splitix\Service\InputParser.cs:line 36
   at Splitix.TestProject.InputParserTest.parseIntoItemsPerColumn_No_Input() in D:\dev\Not-Hoc\Patware\Splitix\Splitix.TestProject\InputParserTest.cs:line 73
</StackTrace>
        </ErrorInfo>
      </Output>
    </UnitTestResult>
    <UnitTestResult executionId="f5be7d3f-7b35-444f-b53a-b2f13e1c329d" testId="295a8d41-88b0-4bed-aae9-06fc99c863de" testName="parseIntoItemsPerColumn_1_Strings_1_ItemPerColumn" computerName="SIAD111W" duration="00:00:00.0012905" startTime="2014-04-16T13:14:28.8675225-04:00" endTime="2014-04-16T13:14:28.8710225-04:00" testType="13cdc9d9-ddb5-4fa4-a97d-d965ccfc6d4b" outcome="Failed" testListId="8c84fa94-04c1-424b-9868-57a2d4851a1d" relativeResultsDirectory="f5be7d3f-7b35-444f-b53a-b2f13e1c329d">
      <Output>
        <ErrorInfo>
          <Message>Test method Splitix.TestProject.InputParserTest.parseIntoItemsPerColumn_1_Strings_1_ItemPerColumn threw exception: 
System.ArgumentException: An item with the same key has already been added.</Message>
          <StackTrace>    at System.ThrowHelper.ThrowArgumentException(ExceptionResource resource)
   at System.Collections.Generic.Dictionary`2.Insert(TKey key, TValue value, Boolean add)
   at System.Collections.Generic.Dictionary`2.Add(TKey key, TValue value)
   at Splitix.Service.InputParser..ctor() in D:\dev\Not-Hoc\Patware\Splitix\Splitix\Service\InputParser.cs:line 36
   at Splitix.TestProject.InputParserTest.parseIntoItemsPerColumn_1_Strings_1_ItemPerColumn() in D:\dev\Not-Hoc\Patware\Splitix\Splitix.TestProject\InputParserTest.cs:line 85
</StackTrace>
        </ErrorInfo>
      </Output>
    </UnitTestResult>
    <UnitTestResult executionId="93500077-1dac-4aab-8309-ce05d99248cf" testId="3aa5b040-6712-f5d6-1a17-6366b14340f0" testName="parseIntoColumns_3_Strings_2_Column" computerName="SIAD111W" duration="00:00:00.0012933" startTime="2014-04-16T13:14:28.8740225-04:00" endTime="2014-04-16T13:14:28.8780225-04:00" testType="13cdc9d9-ddb5-4fa4-a97d-d965ccfc6d4b" outcome="Failed" testListId="8c84fa94-04c1-424b-9868-57a2d4851a1d" relativeResultsDirectory="93500077-1dac-4aab-8309-ce05d99248cf">
      <Output>
        <ErrorInfo>
          <Message>Test method Splitix.TestProject.InputParserTest.parseIntoColumns_3_Strings_2_Column threw exception: 
System.ArgumentException: An item with the same key has already been added.</Message>
          <StackTrace>    at System.ThrowHelper.ThrowArgumentException(ExceptionResource resource)
   at System.Collections.Generic.Dictionary`2.Insert(TKey key, TValue value, Boolean add)
   at System.Collections.Generic.Dictionary`2.Add(TKey key, TValue value)
   at Splitix.Service.InputParser..ctor() in D:\dev\Not-Hoc\Patware\Splitix\Splitix\Service\InputParser.cs:line 36
   at Splitix.TestProject.InputParserTest.parseIntoColumns_3_Strings_2_Column() in D:\dev\Not-Hoc\Patware\Splitix\Splitix.TestProject\InputParserTest.cs:line 188
</StackTrace>
        </ErrorInfo>
      </Output>
    </UnitTestResult>
    <UnitTestResult executionId="cbdf6862-e996-45e9-9f1e-48a843e98a08" testId="76bacfa0-9d2c-d6fc-4b38-733334c7b3f9" testName="parseIntoItemsPerColumn_5_Strings_2_ItemPerColumn" computerName="SIAD111W" duration="00:00:00.0012373" startTime="2014-04-16T13:14:28.8810225-04:00" endTime="2014-04-16T13:14:28.8845225-04:00" testType="13cdc9d9-ddb5-4fa4-a97d-d965ccfc6d4b" outcome="Failed" testListId="8c84fa94-04c1-424b-9868-57a2d4851a1d" relativeResultsDirectory="cbdf6862-e996-45e9-9f1e-48a843e98a08">
      <Output>
        <ErrorInfo>
          <Message>Test method Splitix.TestProject.InputParserTest.parseIntoItemsPerColumn_5_Strings_2_ItemPerColumn threw exception: 
System.ArgumentException: An item with the same key has already been added.</Message>
          <StackTrace>    at System.ThrowHelper.ThrowArgumentException(ExceptionResource resource)
   at System.Collections.Generic.Dictionary`2.Insert(TKey key, TValue value, Boolean add)
   at System.Collections.Generic.Dictionary`2.Add(TKey key, TValue value)
   at Splitix.Service.InputParser..ctor() in D:\dev\Not-Hoc\Patware\Splitix\Splitix\Service\InputParser.cs:line 36
   at Splitix.TestProject.InputParserTest.parseIntoItemsPerColumn_5_Strings_2_ItemPerColumn() in D:\dev\Not-Hoc\Patware\Splitix\Splitix.TestProject\InputParserTest.cs:line 124
</StackTrace>
        </ErrorInfo>
      </Output>
    </UnitTestResult>
    <UnitTestResult executionId="267fd4a7-bbd2-4d4b-9eb1-18a9f48912e9" testId="a9e8fe3b-fb5c-0cb0-8117-12c974ad5c97" testName="parseIntoItemsPerColumn_1_Strings_2_ItemPerColumn" computerName="SIAD111W" duration="00:00:00.0012289" startTime="2014-04-16T13:14:28.8875225-04:00" endTime="2014-04-16T13:14:28.8910225-04:00" testType="13cdc9d9-ddb5-4fa4-a97d-d965ccfc6d4b" outcome="Failed" testListId="8c84fa94-04c1-424b-9868-57a2d4851a1d" relativeResultsDirectory="267fd4a7-bbd2-4d4b-9eb1-18a9f48912e9">
      <Output>
        <ErrorInfo>
          <Message>Test method Splitix.TestProject.InputParserTest.parseIntoItemsPerColumn_1_Strings_2_ItemPerColumn threw exception: 
System.ArgumentException: An item with the same key has already been added.</Message>
          <StackTrace>    at System.ThrowHelper.ThrowArgumentException(ExceptionResource resource)
   at System.Collections.Generic.Dictionary`2.Insert(TKey key, TValue value, Boolean add)
   at System.Collections.Generic.Dictionary`2.Add(TKey key, TValue value)
   at Splitix.Service.InputParser..ctor() in D:\dev\Not-Hoc\Patware\Splitix\Splitix\Service\InputParser.cs:line 36
   at Splitix.TestProject.InputParserTest.parseIntoItemsPerColumn_1_Strings_2_ItemPerColumn() in D:\dev\Not-Hoc\Patware\Splitix\Splitix.TestProject\InputParserTest.cs:line 98
</StackTrace>
        </ErrorInfo>
      </Output>
    </UnitTestResult>
    <UnitTestResult executionId="605bec41-d71f-4fa2-9793-94620021a961" testId="b754497b-5983-f49f-3677-2227d05031f9" testName="parseIntoItemsPerColumn_2_Strings_1_ItemPerColumn" computerName="SIAD111W" duration="00:00:00.0014202" startTime="2014-04-16T13:14:28.8940225-04:00" endTime="2014-04-16T13:14:28.8975225-04:00" testType="13cdc9d9-ddb5-4fa4-a97d-d965ccfc6d4b" outcome="Failed" testListId="8c84fa94-04c1-424b-9868-57a2d4851a1d" relativeResultsDirectory="605bec41-d71f-4fa2-9793-94620021a961">
      <Output>
        <ErrorInfo>
          <Message>Test method Splitix.TestProject.InputParserTest.parseIntoItemsPerColumn_2_Strings_1_ItemPerColumn threw exception: 
System.ArgumentException: An item with the same key has already been added.</Message>
          <StackTrace>    at System.ThrowHelper.ThrowArgumentException(ExceptionResource resource)
   at System.Collections.Generic.Dictionary`2.Insert(TKey key, TValue value, Boolean add)
   at System.Collections.Generic.Dictionary`2.Add(TKey key, TValue value)
   at Splitix.Service.InputParser..ctor() in D:\dev\Not-Hoc\Patware\Splitix\Splitix\Service\InputParser.cs:line 36
   at Splitix.TestProject.InputParserTest.parseIntoItemsPerColumn_2_Strings_1_ItemPerColumn() in D:\dev\Not-Hoc\Patware\Splitix\Splitix.TestProject\InputParserTest.cs:line 111
</StackTrace>
        </ErrorInfo>
      </Output>
    </UnitTestResult>
    <UnitTestResult executionId="a0b772df-58a8-4675-b553-85605cca2be2" testId="dd0e252f-67f1-ad9d-9c90-04ae3bf05420" testName="parseIntoColumns_3_Strings_1_Column" computerName="SIAD111W" duration="00:00:00.0012366" startTime="2014-04-16T13:14:28.9005225-04:00" endTime="2014-04-16T13:14:28.9035225-04:00" testType="13cdc9d9-ddb5-4fa4-a97d-d965ccfc6d4b" outcome="Failed" testListId="8c84fa94-04c1-424b-9868-57a2d4851a1d" relativeResultsDirectory="a0b772df-58a8-4675-b553-85605cca2be2">
      <Output>
        <ErrorInfo>
          <Message>Test method Splitix.TestProject.InputParserTest.parseIntoColumns_3_Strings_1_Column threw exception: 
System.ArgumentException: An item with the same key has already been added.</Message>
          <StackTrace>    at System.ThrowHelper.ThrowArgumentException(ExceptionResource resource)
   at System.Collections.Generic.Dictionary`2.Insert(TKey key, TValue value, Boolean add)
   at System.Collections.Generic.Dictionary`2.Add(TKey key, TValue value)
   at Splitix.Service.InputParser..ctor() in D:\dev\Not-Hoc\Patware\Splitix\Splitix\Service\InputParser.cs:line 36
   at Splitix.TestProject.InputParserTest.parseIntoColumns_3_Strings_1_Column() in D:\dev\Not-Hoc\Patware\Splitix\Splitix.TestProject\InputParserTest.cs:line 176
</StackTrace>
        </ErrorInfo>
      </Output>
    </UnitTestResult>
    <UnitTestResult executionId="4cba83ca-323c-449b-9db4-62f5b0e2f6d3" testId="ea913397-c704-acf2-a4b8-6ab0c1638e69" testName="parseIntoColumns_2_Strings_1_Column" computerName="SIAD111W" duration="00:00:00.0012857" startTime="2014-04-16T13:14:28.9070225-04:00" endTime="2014-04-16T13:14:28.9100225-04:00" testType="13cdc9d9-ddb5-4fa4-a97d-d965ccfc6d4b" outcome="Failed" testListId="8c84fa94-04c1-424b-9868-57a2d4851a1d" relativeResultsDirectory="4cba83ca-323c-449b-9db4-62f5b0e2f6d3">
      <Output>
        <ErrorInfo>
          <Message>Test method Splitix.TestProject.InputParserTest.parseIntoColumns_2_Strings_1_Column threw exception: 
System.ArgumentException: An item with the same key has already been added.</Message>
          <StackTrace>    at System.ThrowHelper.ThrowArgumentException(ExceptionResource resource)
   at System.Collections.Generic.Dictionary`2.Insert(TKey key, TValue value, Boolean add)
   at System.Collections.Generic.Dictionary`2.Add(TKey key, TValue value)
   at Splitix.Service.InputParser..ctor() in D:\dev\Not-Hoc\Patware\Splitix\Splitix\Service\InputParser.cs:line 36
   at Splitix.TestProject.InputParserTest.parseIntoColumns_2_Strings_1_Column() in D:\dev\Not-Hoc\Patware\Splitix\Splitix.TestProject\InputParserTest.cs:line 163
</StackTrace>
        </ErrorInfo>
      </Output>
    </UnitTestResult>
    <UnitTestResult executionId="d294ff44-8c2d-46c0-bd9b-42d55c1a9fa0" testId="f3554f5a-6d63-5230-7f92-f231bb3a7ea4" testName="parseIntoColumns_1_Strings_1_Column" computerName="SIAD111W" duration="00:00:00.0013195" startTime="2014-04-16T13:14:28.9135225-04:00" endTime="2014-04-16T13:14:28.9170225-04:00" testType="13cdc9d9-ddb5-4fa4-a97d-d965ccfc6d4b" outcome="Failed" testListId="8c84fa94-04c1-424b-9868-57a2d4851a1d" relativeResultsDirectory="d294ff44-8c2d-46c0-bd9b-42d55c1a9fa0">
      <Output>
        <ErrorInfo>
          <Message>Test method Splitix.TestProject.InputParserTest.parseIntoColumns_1_Strings_1_Column threw exception: 
System.ArgumentException: An item with the same key has already been added.</Message>
          <StackTrace>    at System.ThrowHelper.ThrowArgumentException(ExceptionResource resource)
   at System.Collections.Generic.Dictionary`2.Insert(TKey key, TValue value, Boolean add)
   at System.Collections.Generic.Dictionary`2.Add(TKey key, TValue value)
   at Splitix.Service.InputParser..ctor() in D:\dev\Not-Hoc\Patware\Splitix\Splitix\Service\InputParser.cs:line 36
   at Splitix.TestProject.InputParserTest.parseIntoColumns_1_Strings_1_Column() in D:\dev\Not-Hoc\Patware\Splitix\Splitix.TestProject\InputParserTest.cs:line 151
</StackTrace>
        </ErrorInfo>
      </Output>
    </UnitTestResult>
  </Results>
</TestRun>