<?xml version="1.0" encoding="UTF-8"?>
<TestRun id="23e6187a-8fea-4cda-befd-380cfc60ee6e" name="calvep@SIAD111W 2014-04-16 13:14:47" runUser="HOC\calvep" xmlns="http://microsoft.com/schemas/VisualStudio/TeamTest/2010">
  <TestSettings name="Local" id="96334962-906c-46c9-8522-73141da7f407">
    <Description>These are default test settings for a local test run.</Description>
    <Deployment enabled="false" runDeploymentRoot="calvep_SIAD111W 2014-04-16 13_14_47">
      <DeploymentItem filename="C:\Program Files\Laurent Bugnion (GalaSoft)\Mvvm Light Toolkit\Binaries\WPF4\GalaSoft.MvvmLight.WPF4.dll" />
      <DeploymentItem filename="D:\dev\Not-Hoc\Patware\Splitix\Splitix\bin\Debug\Splitix.exe" />
      <DeploymentItem filename="C:\Program Files\Laurent Bugnion (GalaSoft)\Mvvm Light Toolkit\Binaries\WPF4\Microsoft.Practices.ServiceLocation.dll" />
      <DeploymentItem filename="C:\Program Files\Laurent Bugnion (GalaSoft)\Mvvm Light Toolkit\Binaries\WPF4\System.Windows.Interactivity.dll" />
      <DeploymentItem filename="C:\Program Files\Laurent Bugnion (GalaSoft)\Mvvm Light Toolkit\Binaries\WPF4\GalaSoft.MvvmLight.Extras.WPF4.dll" />
    </Deployment>
    <Execution>
      <TestTypeSpecific />
      <AgentRule name="Execution Agents">
      </AgentRule>
    </Execution>
  </TestSettings>
  <Times creation="2014-04-16T13:14:47.0520225-04:00" queuing="2014-04-16T13:14:52.5280225-04:00" start="2014-04-16T13:14:52.7670225-04:00" finish="2014-04-16T13:15:11.6235225-04:00" />
  <ResultSummary outcome="Error">
    <Counters total="1" executed="1" error="0" failed="0" timeout="0" aborted="1" inconclusive="0" passedButRunAborted="0" notRunnable="0" notExecuted="0" disconnected="0" warning="0" passed="0" completed="0" inProgress="0" pending="0" />
    <RunInfos>
      <RunInfo computerName="SIAD111W" outcome="Error" timestamp="2014-04-16T13:15:11.6230225-04:00">
        <Text>Test host process exited unexpectedly.</Text>
      </RunInfo>
    </RunInfos>
  </ResultSummary>
  <TestDefinitions>
    <UnitTest name="parseIntoItemsPerColumn_No_Input" storage="d:\dev\not-hoc\patware\splitix\splitix.testproject\bin\debug\splitix.testproject.dll" id="2745857b-245a-5252-5eca-e22a70d04d20">
      <Execution id="d38cb668-01df-447b-b406-259b6f8fdb4f" />
      <TestMethod codeBase="D:/dev/Not-Hoc/Patware/Splitix/Splitix.TestProject/bin/Debug/Splitix.TestProject.DLL" adapterTypeName="Microsoft.VisualStudio.TestTools.TestTypes.Unit.UnitTestAdapter, Microsoft.VisualStudio.QualityTools.Tips.UnitTest.Adapter, Version=10.0.0.0, Culture=neutral, PublicKeyToken=b03f5f7f11d50a3a" className="Splitix.TestProject.InputParserTest, Splitix.TestProject, Version=1.0.0.0, Culture=neutral, PublicKeyToken=null" name="parseIntoItemsPerColumn_No_Input" />
    </UnitTest>
  </TestDefinitions>
  <TestLists>
    <TestList name="Results Not in a List" id="8c84fa94-04c1-424b-9868-57a2d4851a1d" />
    <TestList name="All Loaded Results" id="19431567-8539-422a-85d7-44ee4e166bda" />
  </TestLists>
  <TestEntries>
    <TestEntry testId="2745857b-245a-5252-5eca-e22a70d04d20" executionId="d38cb668-01df-447b-b406-259b6f8fdb4f" testListId="8c84fa94-04c1-424b-9868-57a2d4851a1d" />
  </TestEntries>
  <Results>
    <UnitTestResult executionId="d38cb668-01df-447b-b406-259b6f8fdb4f" testId="2745857b-245a-5252-5eca-e22a70d04d20" testName="parseIntoItemsPerColumn_No_Input" computerName="SIAD111W" duration="00:00:18.6595000" startTime="2014-04-16T13:14:52.9640225-04:00" endTime="2014-04-16T13:15:11.6235225-04:00" testType="13cdc9d9-ddb5-4fa4-a97d-d965ccfc6d4b" outcome="Aborted" testListId="8c84fa94-04c1-424b-9868-57a2d4851a1d" relativeResultsDirectory="d38cb668-01df-447b-b406-259b6f8fdb4f">
    </UnitTestResult>
  </Results>
</TestRun>