<?xml version="1.0" encoding="UTF-8"?>
<TestRun id="47fbe70a-98b6-4843-b80e-f46cf5665c5f" name="calvep@SIAD111W 2014-04-16 13:33:47" runUser="HOC\calvep" xmlns="http://microsoft.com/schemas/VisualStudio/TeamTest/2010">
  <TestSettings name="Local" id="96334962-906c-46c9-8522-73141da7f407">
    <Description>These are default test settings for a local test run.</Description>
    <Deployment enabled="false" runDeploymentRoot="calvep_SIAD111W 2014-04-16 13_33_47">
      <DeploymentItem filename="C:\Program Files\Laurent Bugnion (GalaSoft)\Mvvm Light Toolkit\Binaries\WPF4\GalaSoft.MvvmLight.WPF4.dll" />
      <DeploymentItem filename="D:\dev\Not-Hoc\Patware\Splitix\Splitix\bin\Debug\Splitix.exe" />
      <DeploymentItem filename="C:\Program Files\Laurent Bugnion (GalaSoft)\Mvvm Light Toolkit\Binaries\WPF4\Microsoft.Practices.ServiceLocation.dll" />
      <DeploymentItem filename="C:\Program Files\Laurent Bugnion (GalaSoft)\Mvvm Light Toolkit\Binaries\WPF4\System.Windows.Interactivity.dll" />
      <DeploymentItem filename="C:\Program Files\Laurent Bugnion (GalaSoft)\Mvvm Light Toolkit\Binaries\WPF4\GalaSoft.MvvmLight.Extras.WPF4.dll" />
    </Deployment>
    <Execution>
      <TestTypeSpecific />
      <AgentRule name="Execution Agents">
      </AgentRule>
    </Execution>
  </TestSettings>
  <Times creation="2014-04-16T13:33:47.8845225-04:00" queuing="2014-04-16T13:33:49.0945225-04:00" start="2014-04-16T13:33:49.2960225-04:00" finish="2014-04-16T13:37:52.7420225-04:00" />
  <ResultSummary outcome="Error">
    <Counters total="11" executed="2" passed="1" error="0" failed="0" timeout="0" aborted="1" inconclusive="0" passedButRunAborted="0" notRunnable="0" notExecuted="9" disconnected="0" warning="0" completed="0" inProgress="0" pending="0" />
    <RunInfos>
      <RunInfo computerName="SIAD111W" outcome="Error" timestamp="2014-04-16T13:37:52.7405225-04:00">
        <Text>Test host process exited unexpectedly.</Text>
      </RunInfo>
    </RunInfos>
  </ResultSummary>
  <TestDefinitions>
    <UnitTest name="parse_3_Item_1_Row_ColumnFirst" storage="d:\dev\not-hoc\patware\splitix\splitix.testproject\bin\debug\splitix.testproject.dll" id="a3311cf5-6865-9b0e-dab6-15c9ba2b116c">
      <Execution id="d6a48743-ec8a-43fd-91bd-e652e738c52c" />
      <TestMethod codeBase="D:/dev/Not-Hoc/Patware/Splitix/Splitix.TestProject/bin/Debug/Splitix.TestProject.DLL" adapterTypeName="Microsoft.VisualStudio.TestTools.TestTypes.Unit.UnitTestAdapter, Microsoft.VisualStudio.QualityTools.Tips.UnitTest.Adapter, Version=10.0.0.0, Culture=neutral, PublicKeyToken=b03f5f7f11d50a3a" className="Splitix.TestProject.InputParserTest, Splitix.TestProject, Version=1.0.0.0, Culture=neutral, PublicKeyToken=null" name="parse_3_Item_1_Row_ColumnFirst" />
    </UnitTest>
    <UnitTest name="parse_3_Item_2_Row_ColumnFirst" storage="d:\dev\not-hoc\patware\splitix\splitix.testproject\bin\debug\splitix.testproject.dll" id="43ece54b-5582-ac28-77d4-e998fcdd1b12">
      <Execution id="ea2d4368-334f-4d53-917f-8bea39b0cde2" />
      <TestMethod codeBase="D:/dev/Not-Hoc/Patware/Splitix/Splitix.TestProject/bin/Debug/Splitix.TestProject.DLL" adapterTypeName="Microsoft.VisualStudio.TestTools.TestTypes.Unit.UnitTestAdapter, Microsoft.VisualStudio.QualityTools.Tips.UnitTest.Adapter, Version=10.0.0.0, Culture=neutral, PublicKeyToken=b03f5f7f11d50a3a" className="Splitix.TestProject.InputParserTest, Splitix.TestProject, Version=1.0.0.0, Culture=neutral, PublicKeyToken=null" name="parse_3_Item_2_Row_ColumnFirst" />
    </UnitTest>
    <UnitTest name="parse_5_Items_2_Column_ColumnFirst" storage="d:\dev\not-hoc\patware\splitix\splitix.testproject\bin\debug\splitix.testproject.dll" id="aa743795-2613-887b-cfb9-0283e2e79f24">
      <Execution id="19eeaee0-64d6-4f35-ab27-644f0a8c3cff" />
      <TestMethod codeBase="D:/dev/Not-Hoc/Patware/Splitix/Splitix.TestProject/bin/Debug/Splitix.TestProject.DLL" adapterTypeName="Microsoft.VisualStudio.TestTools.TestTypes.Unit.UnitTestAdapter, Microsoft.VisualStudio.QualityTools.Tips.UnitTest.Adapter, Version=10.0.0.0, Culture=neutral, PublicKeyToken=b03f5f7f11d50a3a" className="Splitix.TestProject.InputParserTest, Splitix.TestProject, Version=1.0.0.0, Culture=neutral, PublicKeyToken=null" name="parse_5_Items_2_Column_ColumnFirst" />
    </UnitTest>
    <UnitTest name="parse_5_Items_2_Column_RowFirst" storage="d:\dev\not-hoc\patware\splitix\splitix.testproject\bin\debug\splitix.testproject.dll" id="18a2a884-e382-71cf-ef19-72c0d72ba0cb">
      <Execution id="3f541869-b3fd-4e40-8e73-d3da912a3851" />
      <TestMethod codeBase="D:/dev/Not-Hoc/Patware/Splitix/Splitix.TestProject/bin/Debug/Splitix.TestProject.DLL" adapterTypeName="Microsoft.VisualStudio.TestTools.TestTypes.Unit.UnitTestAdapter, Microsoft.VisualStudio.QualityTools.Tips.UnitTest.Adapter, Version=10.0.0.0, Culture=neutral, PublicKeyToken=b03f5f7f11d50a3a" className="Splitix.TestProject.InputParserTest, Splitix.TestProject, Version=1.0.0.0, Culture=neutral, PublicKeyToken=null" name="parse_5_Items_2_Column_RowFirst" />
    </UnitTest>
    <UnitTest name="parse_1_Item_1_Row_ColumnFirst" storage="d:\dev\not-hoc\patware\splitix\splitix.testproject\bin\debug\splitix.testproject.dll" id="4e595a02-5165-da07-70ba-b9273875f461">
      <Execution id="6c91c896-b043-46e1-86ba-2c481dd34bf9" />
      <TestMethod codeBase="D:/dev/Not-Hoc/Patware/Splitix/Splitix.TestProject/bin/Debug/Splitix.TestProject.DLL" adapterTypeName="Microsoft.VisualStudio.TestTools.TestTypes.Unit.UnitTestAdapter, Microsoft.VisualStudio.QualityTools.Tips.UnitTest.Adapter, Version=10.0.0.0, Culture=neutral, PublicKeyToken=b03f5f7f11d50a3a" className="Splitix.TestProject.InputParserTest, Splitix.TestProject, Version=1.0.0.0, Culture=neutral, PublicKeyToken=null" name="parse_1_Item_1_Row_ColumnFirst" />
    </UnitTest>
    <UnitTest name="parse_Empty_Item_0_Row_ColumnFirst" storage="d:\dev\not-hoc\patware\splitix\splitix.testproject\bin\debug\splitix.testproject.dll" id="24103485-3cbe-2ccf-76b7-8389572004e1">
      <Execution id="e6fc981f-631a-4d8c-a130-ee22936f61d5" />
      <TestMethod codeBase="D:/dev/Not-Hoc/Patware/Splitix/Splitix.TestProject/bin/Debug/Splitix.TestProject.DLL" adapterTypeName="Microsoft.VisualStudio.TestTools.TestTypes.Unit.UnitTestAdapter, Microsoft.VisualStudio.QualityTools.Tips.UnitTest.Adapter, Version=10.0.0.0, Culture=neutral, PublicKeyToken=b03f5f7f11d50a3a" className="Splitix.TestProject.InputParserTest, Splitix.TestProject, Version=1.0.0.0, Culture=neutral, PublicKeyToken=null" name="parse_Empty_Item_0_Row_ColumnFirst" />
    </UnitTest>
    <UnitTest name="parse_2_Items_1_Column_ColumnFirst" storage="d:\dev\not-hoc\patware\splitix\splitix.testproject\bin\debug\splitix.testproject.dll" id="05712297-3e25-23eb-60d4-f2edfd671028">
      <Execution id="47a2144a-9c50-4c75-a40a-da9bb33836fd" />
      <TestMethod codeBase="D:/dev/Not-Hoc/Patware/Splitix/Splitix.TestProject/bin/Debug/Splitix.TestProject.DLL" adapterTypeName="Microsoft.VisualStudio.TestTools.TestTypes.Unit.UnitTestAdapter, Microsoft.VisualStudio.QualityTools.Tips.UnitTest.Adapter, Version=10.0.0.0, Culture=neutral, PublicKeyToken=b03f5f7f11d50a3a" className="Splitix.TestProject.InputParserTest, Splitix.TestProject, Version=1.0.0.0, Culture=neutral, PublicKeyToken=null" name="parse_2_Items_1_Column_ColumnFirst" />
    </UnitTest>
    <UnitTest name="parse_2_Item_1_Row_ColumnFirst" storage="d:\dev\not-hoc\patware\splitix\splitix.testproject\bin\debug\splitix.testproject.dll" id="3b512972-85e2-b8d2-b133-21490a0650fa">
      <Execution id="c4843cf1-55e0-42cd-9861-dc5bb8d394c8" />
      <TestMethod codeBase="D:/dev/Not-Hoc/Patware/Splitix/Splitix.TestProject/bin/Debug/Splitix.TestProject.DLL" adapterTypeName="Microsoft.VisualStudio.TestTools.TestTypes.Unit.UnitTestAdapter, Microsoft.VisualStudio.QualityTools.Tips.UnitTest.Adapter, Version=10.0.0.0, Culture=neutral, PublicKeyToken=b03f5f7f11d50a3a" className="Splitix.TestProject.InputParserTest, Splitix.TestProject, Version=1.0.0.0, Culture=neutral, PublicKeyToken=null" name="parse_2_Item_1_Row_ColumnFirst" />
    </UnitTest>
    <UnitTest name="parse_Empty_No_Input" storage="d:\dev\not-hoc\patware\splitix\splitix.testproject\bin\debug\splitix.testproject.dll" id="5dcfc424-f7b4-7105-8417-b869a2c3dcbd">
      <Execution id="19ac0b9b-b8e4-402d-bd51-515f7f2b03a1" />
      <TestMethod codeBase="D:/dev/Not-Hoc/Patware/Splitix/Splitix.TestProject/bin/Debug/Splitix.TestProject.DLL" adapterTypeName="Microsoft.VisualStudio.TestTools.TestTypes.Unit.UnitTestAdapter, Microsoft.VisualStudio.QualityTools.Tips.UnitTest.Adapter, Version=10.0.0.0, Culture=neutral, PublicKeyToken=b03f5f7f11d50a3a" className="Splitix.TestProject.InputParserTest, Splitix.TestProject, Version=1.0.0.0, Culture=neutral, PublicKeyToken=null" name="parse_Empty_No_Input" />
    </UnitTest>
    <UnitTest name="parse_1_Item_1_Column_ColumnFirst" storage="d:\dev\not-hoc\patware\splitix\splitix.testproject\bin\debug\splitix.testproject.dll" id="83aa362c-31fd-bf2c-367e-e87fcdaf31d6">
      <Execution id="196b7627-0570-4d0c-bb71-6fc646d3b1b8" />
      <TestMethod codeBase="D:/dev/Not-Hoc/Patware/Splitix/Splitix.TestProject/bin/Debug/Splitix.TestProject.DLL" adapterTypeName="Microsoft.VisualStudio.TestTools.TestTypes.Unit.UnitTestAdapter, Microsoft.VisualStudio.QualityTools.Tips.UnitTest.Adapter, Version=10.0.0.0, Culture=neutral, PublicKeyToken=b03f5f7f11d50a3a" className="Splitix.TestProject.InputParserTest, Splitix.TestProject, Version=1.0.0.0, Culture=neutral, PublicKeyToken=null" name="parse_1_Item_1_Column_ColumnFirst" />
    </UnitTest>
    <UnitTest name="parse_1_Item_2_Column_ColumnFirst" storage="d:\dev\not-hoc\patware\splitix\splitix.testproject\bin\debug\splitix.testproject.dll" id="412ba3ad-e262-b53b-5f3e-b24ef3818b63">
      <Execution id="50a3a3dd-3931-4eb2-8be9-52cacb2e9004" />
      <TestMethod codeBase="D:/dev/Not-Hoc/Patware/Splitix/Splitix.TestProject/bin/Debug/Splitix.TestProject.DLL" adapterTypeName="Microsoft.VisualStudio.TestTools.TestTypes.Unit.UnitTestAdapter, Microsoft.VisualStudio.QualityTools.Tips.UnitTest.Adapter, Version=10.0.0.0, Culture=neutral, PublicKeyToken=b03f5f7f11d50a3a" className="Splitix.TestProject.InputParserTest, Splitix.TestProject, Version=1.0.0.0, Culture=neutral, PublicKeyToken=null" name="parse_1_Item_2_Column_ColumnFirst" />
    </UnitTest>
  </TestDefinitions>
  <TestLists>
    <TestList name="Results Not in a List" id="8c84fa94-04c1-424b-9868-57a2d4851a1d" />
    <TestList name="All Loaded Results" id="19431567-8539-422a-85d7-44ee4e166bda" />
  </TestLists>
  <TestEntries>
    <TestEntry testId="05712297-3e25-23eb-60d4-f2edfd671028" executionId="47a2144a-9c50-4c75-a40a-da9bb33836fd" testListId="8c84fa94-04c1-424b-9868-57a2d4851a1d" />
    <TestEntry testId="18a2a884-e382-71cf-ef19-72c0d72ba0cb" executionId="3f541869-b3fd-4e40-8e73-d3da912a3851" testListId="8c84fa94-04c1-424b-9868-57a2d4851a1d" />
    <TestEntry testId="24103485-3cbe-2ccf-76b7-8389572004e1" executionId="e6fc981f-631a-4d8c-a130-ee22936f61d5" testListId="8c84fa94-04c1-424b-9868-57a2d4851a1d" />
    <TestEntry testId="3b512972-85e2-b8d2-b133-21490a0650fa" executionId="c4843cf1-55e0-42cd-9861-dc5bb8d394c8" testListId="8c84fa94-04c1-424b-9868-57a2d4851a1d" />
    <TestEntry testId="412ba3ad-e262-b53b-5f3e-b24ef3818b63" executionId="50a3a3dd-3931-4eb2-8be9-52cacb2e9004" testListId="8c84fa94-04c1-424b-9868-57a2d4851a1d" />
    <TestEntry testId="43ece54b-5582-ac28-77d4-e998fcdd1b12" executionId="ea2d4368-334f-4d53-917f-8bea39b0cde2" testListId="8c84fa94-04c1-424b-9868-57a2d4851a1d" />
    <TestEntry testId="4e595a02-5165-da07-70ba-b9273875f461" executionId="6c91c896-b043-46e1-86ba-2c481dd34bf9" testListId="8c84fa94-04c1-424b-9868-57a2d4851a1d" />
    <TestEntry testId="5dcfc424-f7b4-7105-8417-b869a2c3dcbd" executionId="19ac0b9b-b8e4-402d-bd51-515f7f2b03a1" testListId="8c84fa94-04c1-424b-9868-57a2d4851a1d" />
    <TestEntry testId="83aa362c-31fd-bf2c-367e-e87fcdaf31d6" executionId="196b7627-0570-4d0c-bb71-6fc646d3b1b8" testListId="8c84fa94-04c1-424b-9868-57a2d4851a1d" />
    <TestEntry testId="a3311cf5-6865-9b0e-dab6-15c9ba2b116c" executionId="d6a48743-ec8a-43fd-91bd-e652e738c52c" testListId="8c84fa94-04c1-424b-9868-57a2d4851a1d" />
    <TestEntry testId="aa743795-2613-887b-cfb9-0283e2e79f24" executionId="19eeaee0-64d6-4f35-ab27-644f0a8c3cff" testListId="8c84fa94-04c1-424b-9868-57a2d4851a1d" />
  </TestEntries>
  <Results>
    <UnitTestResult executionId="47a2144a-9c50-4c75-a40a-da9bb33836fd" testId="05712297-3e25-23eb-60d4-f2edfd671028" testName="parse_2_Items_1_Column_ColumnFirst" computerName="SIAD111W" duration="00:00:00.0393904" startTime="2014-04-16T13:33:49.4985225-04:00" endTime="2014-04-16T13:33:50.3000225-04:00" testType="13cdc9d9-ddb5-4fa4-a97d-d965ccfc6d4b" outcome="Passed" testListId="8c84fa94-04c1-424b-9868-57a2d4851a1d" relativeResultsDirectory="47a2144a-9c50-4c75-a40a-da9bb33836fd">
    </UnitTestResult>
    <UnitTestResult executionId="3f541869-b3fd-4e40-8e73-d3da912a3851" testId="18a2a884-e382-71cf-ef19-72c0d72ba0cb" testName="parse_5_Items_2_Column_RowFirst" computerName="SIAD111W" duration="00:04:02.4355000" startTime="2014-04-16T13:33:50.3060225-04:00" endTime="2014-04-16T13:37:52.7415225-04:00" testType="13cdc9d9-ddb5-4fa4-a97d-d965ccfc6d4b" outcome="Aborted" testListId="8c84fa94-04c1-424b-9868-57a2d4851a1d" relativeResultsDirectory="3f541869-b3fd-4e40-8e73-d3da912a3851">
    </UnitTestResult>
    <UnitTestResult executionId="e6fc981f-631a-4d8c-a130-ee22936f61d5" testId="24103485-3cbe-2ccf-76b7-8389572004e1" testName="parse_Empty_Item_0_Row_ColumnFirst" computerName="SIAD111W" testType="13cdc9d9-ddb5-4fa4-a97d-d965ccfc6d4b" outcome="NotExecuted" testListId="8c84fa94-04c1-424b-9868-57a2d4851a1d" relativeResultsDirectory="e6fc981f-631a-4d8c-a130-ee22936f61d5">
    </UnitTestResult>
    <UnitTestResult executionId="c4843cf1-55e0-42cd-9861-dc5bb8d394c8" testId="3b512972-85e2-b8d2-b133-21490a0650fa" testName="parse_2_Item_1_Row_ColumnFirst" computerName="SIAD111W" testType="13cdc9d9-ddb5-4fa4-a97d-d965ccfc6d4b" outcome="NotExecuted" testListId="8c84fa94-04c1-424b-9868-57a2d4851a1d" relativeResultsDirectory="c4843cf1-55e0-42cd-9861-dc5bb8d394c8">
    </UnitTestResult>
    <UnitTestResult executionId="50a3a3dd-3931-4eb2-8be9-52cacb2e9004" testId="412ba3ad-e262-b53b-5f3e-b24ef3818b63" testName="parse_1_Item_2_Column_ColumnFirst" computerName="SIAD111W" testType="13cdc9d9-ddb5-4fa4-a97d-d965ccfc6d4b" outcome="NotExecuted" testListId="8c84fa94-04c1-424b-9868-57a2d4851a1d" relativeResultsDirectory="50a3a3dd-3931-4eb2-8be9-52cacb2e9004">
    </UnitTestResult>
    <UnitTestResult executionId="ea2d4368-334f-4d53-917f-8bea39b0cde2" testId="43ece54b-5582-ac28-77d4-e998fcdd1b12" testName="parse_3_Item_2_Row_ColumnFirst" computerName="SIAD111W" testType="13cdc9d9-ddb5-4fa4-a97d-d965ccfc6d4b" outcome="NotExecuted" testListId="8c84fa94-04c1-424b-9868-57a2d4851a1d" relativeResultsDirectory="ea2d4368-334f-4d53-917f-8bea39b0cde2">
    </UnitTestResult>
    <UnitTestResult executionId="6c91c896-b043-46e1-86ba-2c481dd34bf9" testId="4e595a02-5165-da07-70ba-b9273875f461" testName="parse_1_Item_1_Row_ColumnFirst" computerName="SIAD111W" testType="13cdc9d9-ddb5-4fa4-a97d-d965ccfc6d4b" outcome="NotExecuted" testListId="8c84fa94-04c1-424b-9868-57a2d4851a1d" relativeResultsDirectory="6c91c896-b043-46e1-86ba-2c481dd34bf9">
    </UnitTestResult>
    <UnitTestResult executionId="19ac0b9b-b8e4-402d-bd51-515f7f2b03a1" testId="5dcfc424-f7b4-7105-8417-b869a2c3dcbd" testName="parse_Empty_No_Input" computerName="SIAD111W" testType="13cdc9d9-ddb5-4fa4-a97d-d965ccfc6d4b" outcome="NotExecuted" testListId="8c84fa94-04c1-424b-9868-57a2d4851a1d" relativeResultsDirectory="19ac0b9b-b8e4-402d-bd51-515f7f2b03a1">
    </UnitTestResult>
    <UnitTestResult executionId="196b7627-0570-4d0c-bb71-6fc646d3b1b8" testId="83aa362c-31fd-bf2c-367e-e87fcdaf31d6" testName="parse_1_Item_1_Column_ColumnFirst" computerName="SIAD111W" testType="13cdc9d9-ddb5-4fa4-a97d-d965ccfc6d4b" outcome="NotExecuted" testListId="8c84fa94-04c1-424b-9868-57a2d4851a1d" relativeResultsDirectory="196b7627-0570-4d0c-bb71-6fc646d3b1b8">
    </UnitTestResult>
    <UnitTestResult executionId="d6a48743-ec8a-43fd-91bd-e652e738c52c" testId="a3311cf5-6865-9b0e-dab6-15c9ba2b116c" testName="parse_3_Item_1_Row_ColumnFirst" computerName="SIAD111W" testType="13cdc9d9-ddb5-4fa4-a97d-d965ccfc6d4b" outcome="NotExecuted" testListId="8c84fa94-04c1-424b-9868-57a2d4851a1d" relativeResultsDirectory="d6a48743-ec8a-43fd-91bd-e652e738c52c">
    </UnitTestResult>
    <UnitTestResult executionId="19eeaee0-64d6-4f35-ab27-644f0a8c3cff" testId="aa743795-2613-887b-cfb9-0283e2e79f24" testName="parse_5_Items_2_Column_ColumnFirst" computerName="SIAD111W" testType="13cdc9d9-ddb5-4fa4-a97d-d965ccfc6d4b" outcome="NotExecuted" testListId="8c84fa94-04c1-424b-9868-57a2d4851a1d" relativeResultsDirectory="19eeaee0-64d6-4f35-ab27-644f0a8c3cff">
    </UnitTestResult>
  </Results>
</TestRun>