<?xml version="1.0" encoding="UTF-8"?>
<TestRun id="929f9176-40f1-4a95-aa9b-e303452a68ec" name="calvep@SIAD111W 2014-04-16 13:38:47" runUser="HOC\calvep" xmlns="http://microsoft.com/schemas/VisualStudio/TeamTest/2010">
  <TestSettings name="Local" id="96334962-906c-46c9-8522-73141da7f407">
    <Description>These are default test settings for a local test run.</Description>
    <Deployment enabled="false" runDeploymentRoot="calvep_SIAD111W 2014-04-16 13_38_47">
      <DeploymentItem filename="C:\Program Files\Laurent Bugnion (GalaSoft)\Mvvm Light Toolkit\Binaries\WPF4\GalaSoft.MvvmLight.WPF4.dll" />
      <DeploymentItem filename="D:\dev\Not-Hoc\Patware\Splitix\Splitix\bin\Debug\Splitix.exe" />
      <DeploymentItem filename="C:\Program Files\Laurent Bugnion (GalaSoft)\Mvvm Light Toolkit\Binaries\WPF4\Microsoft.Practices.ServiceLocation.dll" />
      <DeploymentItem filename="C:\Program Files\Laurent Bugnion (GalaSoft)\Mvvm Light Toolkit\Binaries\WPF4\System.Windows.Interactivity.dll" />
      <DeploymentItem filename="C:\Program Files\Laurent Bugnion (GalaSoft)\Mvvm Light Toolkit\Binaries\WPF4\GalaSoft.MvvmLight.Extras.WPF4.dll" />
    </Deployment>
    <Execution>
      <TestTypeSpecific />
      <AgentRule name="Execution Agents">
      </AgentRule>
    </Execution>
  </TestSettings>
  <Times creation="2014-04-16T13:38:47.7220225-04:00" queuing="2014-04-16T13:38:48.9040225-04:00" start="2014-04-16T13:38:49.1055225-04:00" finish="2014-04-16T13:39:31.0355225-04:00" />
  <ResultSummary outcome="Completed">
    <Counters total="11" executed="11" passed="11" error="0" failed="0" timeout="0" aborted="0" inconclusive="0" passedButRunAborted="0" notRunnable="0" notExecuted="0" disconnected="0" warning="0" completed="0" inProgress="0" pending="0" />
  </ResultSummary>
  <TestDefinitions>
    <UnitTest name="parse_3_Item_1_Row_ColumnFirst" storage="d:\dev\not-hoc\patware\splitix\splitix.testproject\bin\debug\splitix.testproject.dll" id="a3311cf5-6865-9b0e-dab6-15c9ba2b116c">
      <Execution id="88e8e3df-4081-4a3e-9f17-b4f1bd6c6b21" />
      <TestMethod codeBase="D:/dev/Not-Hoc/Patware/Splitix/Splitix.TestProject/bin/Debug/Splitix.TestProject.DLL" adapterTypeName="Microsoft.VisualStudio.TestTools.TestTypes.Unit.UnitTestAdapter, Microsoft.VisualStudio.QualityTools.Tips.UnitTest.Adapter, Version=10.0.0.0, Culture=neutral, PublicKeyToken=b03f5f7f11d50a3a" className="Splitix.TestProject.InputParserTest, Splitix.TestProject, Version=1.0.0.0, Culture=neutral, PublicKeyToken=null" name="parse_3_Item_1_Row_ColumnFirst" />
    </UnitTest>
    <UnitTest name="parse_3_Item_2_Row_ColumnFirst" storage="d:\dev\not-hoc\patware\splitix\splitix.testproject\bin\debug\splitix.testproject.dll" id="43ece54b-5582-ac28-77d4-e998fcdd1b12">
      <Execution id="43011c6a-e135-4f60-abc3-c2f85cbff17e" />
      <TestMethod codeBase="D:/dev/Not-Hoc/Patware/Splitix/Splitix.TestProject/bin/Debug/Splitix.TestProject.DLL" adapterTypeName="Microsoft.VisualStudio.TestTools.TestTypes.Unit.UnitTestAdapter, Microsoft.VisualStudio.QualityTools.Tips.UnitTest.Adapter, Version=10.0.0.0, Culture=neutral, PublicKeyToken=b03f5f7f11d50a3a" className="Splitix.TestProject.InputParserTest, Splitix.TestProject, Version=1.0.0.0, Culture=neutral, PublicKeyToken=null" name="parse_3_Item_2_Row_ColumnFirst" />
    </UnitTest>
    <UnitTest name="parse_5_Items_2_Column_ColumnFirst" storage="d:\dev\not-hoc\patware\splitix\splitix.testproject\bin\debug\splitix.testproject.dll" id="aa743795-2613-887b-cfb9-0283e2e79f24">
      <Execution id="f3e9bad7-882a-4624-85d8-af95dac9cd86" />
      <TestMethod codeBase="D:/dev/Not-Hoc/Patware/Splitix/Splitix.TestProject/bin/Debug/Splitix.TestProject.DLL" adapterTypeName="Microsoft.VisualStudio.TestTools.TestTypes.Unit.UnitTestAdapter, Microsoft.VisualStudio.QualityTools.Tips.UnitTest.Adapter, Version=10.0.0.0, Culture=neutral, PublicKeyToken=b03f5f7f11d50a3a" className="Splitix.TestProject.InputParserTest, Splitix.TestProject, Version=1.0.0.0, Culture=neutral, PublicKeyToken=null" name="parse_5_Items_2_Column_ColumnFirst" />
    </UnitTest>
    <UnitTest name="parse_5_Items_2_Column_RowFirst" storage="d:\dev\not-hoc\patware\splitix\splitix.testproject\bin\debug\splitix.testproject.dll" id="18a2a884-e382-71cf-ef19-72c0d72ba0cb">
      <Execution id="d4cc1877-e4a8-4d87-ac1d-ad72ee629a9b" />
      <TestMethod codeBase="D:/dev/Not-Hoc/Patware/Splitix/Splitix.TestProject/bin/Debug/Splitix.TestProject.DLL" adapterTypeName="Microsoft.VisualStudio.TestTools.TestTypes.Unit.UnitTestAdapter, Microsoft.VisualStudio.QualityTools.Tips.UnitTest.Adapter, Version=10.0.0.0, Culture=neutral, PublicKeyToken=b03f5f7f11d50a3a" className="Splitix.TestProject.InputParserTest, Splitix.TestProject, Version=1.0.0.0, Culture=neutral, PublicKeyToken=null" name="parse_5_Items_2_Column_RowFirst" />
    </UnitTest>
    <UnitTest name="parse_1_Item_1_Row_ColumnFirst" storage="d:\dev\not-hoc\patware\splitix\splitix.testproject\bin\debug\splitix.testproject.dll" id="4e595a02-5165-da07-70ba-b9273875f461">
      <Execution id="381390ad-0381-4693-a859-d1d358d11b0e" />
      <TestMethod codeBase="D:/dev/Not-Hoc/Patware/Splitix/Splitix.TestProject/bin/Debug/Splitix.TestProject.DLL" adapterTypeName="Microsoft.VisualStudio.TestTools.TestTypes.Unit.UnitTestAdapter, Microsoft.VisualStudio.QualityTools.Tips.UnitTest.Adapter, Version=10.0.0.0, Culture=neutral, PublicKeyToken=b03f5f7f11d50a3a" className="Splitix.TestProject.InputParserTest, Splitix.TestProject, Version=1.0.0.0, Culture=neutral, PublicKeyToken=null" name="parse_1_Item_1_Row_ColumnFirst" />
    </UnitTest>
    <UnitTest name="parse_Empty_Item_0_Row_ColumnFirst" storage="d:\dev\not-hoc\patware\splitix\splitix.testproject\bin\debug\splitix.testproject.dll" id="24103485-3cbe-2ccf-76b7-8389572004e1">
      <Execution id="5757f89c-2200-4fdc-9c87-b4511f3667b1" />
      <TestMethod codeBase="D:/dev/Not-Hoc/Patware/Splitix/Splitix.TestProject/bin/Debug/Splitix.TestProject.DLL" adapterTypeName="Microsoft.VisualStudio.TestTools.TestTypes.Unit.UnitTestAdapter, Microsoft.VisualStudio.QualityTools.Tips.UnitTest.Adapter, Version=10.0.0.0, Culture=neutral, PublicKeyToken=b03f5f7f11d50a3a" className="Splitix.TestProject.InputParserTest, Splitix.TestProject, Version=1.0.0.0, Culture=neutral, PublicKeyToken=null" name="parse_Empty_Item_0_Row_ColumnFirst" />
    </UnitTest>
    <UnitTest name="parse_2_Items_1_Column_ColumnFirst" storage="d:\dev\not-hoc\patware\splitix\splitix.testproject\bin\debug\splitix.testproject.dll" id="05712297-3e25-23eb-60d4-f2edfd671028">
      <Execution id="270f02c2-b123-482e-adab-fc2f90d341a6" />
      <TestMethod codeBase="D:/dev/Not-Hoc/Patware/Splitix/Splitix.TestProject/bin/Debug/Splitix.TestProject.DLL" adapterTypeName="Microsoft.VisualStudio.TestTools.TestTypes.Unit.UnitTestAdapter, Microsoft.VisualStudio.QualityTools.Tips.UnitTest.Adapter, Version=10.0.0.0, Culture=neutral, PublicKeyToken=b03f5f7f11d50a3a" className="Splitix.TestProject.InputParserTest, Splitix.TestProject, Version=1.0.0.0, Culture=neutral, PublicKeyToken=null" name="parse_2_Items_1_Column_ColumnFirst" />
    </UnitTest>
    <UnitTest name="parse_2_Item_1_Row_ColumnFirst" storage="d:\dev\not-hoc\patware\splitix\splitix.testproject\bin\debug\splitix.testproject.dll" id="3b512972-85e2-b8d2-b133-21490a0650fa">
      <Execution id="6d20274c-29ec-438e-8be3-b90cd52d33f6" />
      <TestMethod codeBase="D:/dev/Not-Hoc/Patware/Splitix/Splitix.TestProject/bin/Debug/Splitix.TestProject.DLL" adapterTypeName="Microsoft.VisualStudio.TestTools.TestTypes.Unit.UnitTestAdapter, Microsoft.VisualStudio.QualityTools.Tips.UnitTest.Adapter, Version=10.0.0.0, Culture=neutral, PublicKeyToken=b03f5f7f11d50a3a" className="Splitix.TestProject.InputParserTest, Splitix.TestProject, Version=1.0.0.0, Culture=neutral, PublicKeyToken=null" name="parse_2_Item_1_Row_ColumnFirst" />
    </UnitTest>
    <UnitTest name="parse_Empty_No_Input" storage="d:\dev\not-hoc\patware\splitix\splitix.testproject\bin\debug\splitix.testproject.dll" id="5dcfc424-f7b4-7105-8417-b869a2c3dcbd">
      <Execution id="23877e79-3490-4eec-9702-495fd25af41e" />
      <TestMethod codeBase="D:/dev/Not-Hoc/Patware/Splitix/Splitix.TestProject/bin/Debug/Splitix.TestProject.DLL" adapterTypeName="Microsoft.VisualStudio.TestTools.TestTypes.Unit.UnitTestAdapter, Microsoft.VisualStudio.QualityTools.Tips.UnitTest.Adapter, Version=10.0.0.0, Culture=neutral, PublicKeyToken=b03f5f7f11d50a3a" className="Splitix.TestProject.InputParserTest, Splitix.TestProject, Version=1.0.0.0, Culture=neutral, PublicKeyToken=null" name="parse_Empty_No_Input" />
    </UnitTest>
    <UnitTest name="parse_1_Item_1_Column_ColumnFirst" storage="d:\dev\not-hoc\patware\splitix\splitix.testproject\bin\debug\splitix.testproject.dll" id="83aa362c-31fd-bf2c-367e-e87fcdaf31d6">
      <Execution id="c4585c0a-d71d-4d43-8a99-d58faa334fda" />
      <TestMethod codeBase="D:/dev/Not-Hoc/Patware/Splitix/Splitix.TestProject/bin/Debug/Splitix.TestProject.DLL" adapterTypeName="Microsoft.VisualStudio.TestTools.TestTypes.Unit.UnitTestAdapter, Microsoft.VisualStudio.QualityTools.Tips.UnitTest.Adapter, Version=10.0.0.0, Culture=neutral, PublicKeyToken=b03f5f7f11d50a3a" className="Splitix.TestProject.InputParserTest, Splitix.TestProject, Version=1.0.0.0, Culture=neutral, PublicKeyToken=null" name="parse_1_Item_1_Column_ColumnFirst" />
    </UnitTest>
    <UnitTest name="parse_1_Item_2_Column_ColumnFirst" storage="d:\dev\not-hoc\patware\splitix\splitix.testproject\bin\debug\splitix.testproject.dll" id="412ba3ad-e262-b53b-5f3e-b24ef3818b63">
      <Execution id="8662e6a2-347e-4f0d-bd2b-bc3f12f8a27e" />
      <TestMethod codeBase="D:/dev/Not-Hoc/Patware/Splitix/Splitix.TestProject/bin/Debug/Splitix.TestProject.DLL" adapterTypeName="Microsoft.VisualStudio.TestTools.TestTypes.Unit.UnitTestAdapter, Microsoft.VisualStudio.QualityTools.Tips.UnitTest.Adapter, Version=10.0.0.0, Culture=neutral, PublicKeyToken=b03f5f7f11d50a3a" className="Splitix.TestProject.InputParserTest, Splitix.TestProject, Version=1.0.0.0, Culture=neutral, PublicKeyToken=null" name="parse_1_Item_2_Column_ColumnFirst" />
    </UnitTest>
  </TestDefinitions>
  <TestLists>
    <TestList name="Results Not in a List" id="8c84fa94-04c1-424b-9868-57a2d4851a1d" />
    <TestList name="All Loaded Results" id="19431567-8539-422a-85d7-44ee4e166bda" />
  </TestLists>
  <TestEntries>
    <TestEntry testId="05712297-3e25-23eb-60d4-f2edfd671028" executionId="270f02c2-b123-482e-adab-fc2f90d341a6" testListId="8c84fa94-04c1-424b-9868-57a2d4851a1d" />
    <TestEntry testId="18a2a884-e382-71cf-ef19-72c0d72ba0cb" executionId="d4cc1877-e4a8-4d87-ac1d-ad72ee629a9b" testListId="8c84fa94-04c1-424b-9868-57a2d4851a1d" />
    <TestEntry testId="24103485-3cbe-2ccf-76b7-8389572004e1" executionId="5757f89c-2200-4fdc-9c87-b4511f3667b1" testListId="8c84fa94-04c1-424b-9868-57a2d4851a1d" />
    <TestEntry testId="3b512972-85e2-b8d2-b133-21490a0650fa" executionId="6d20274c-29ec-438e-8be3-b90cd52d33f6" testListId="8c84fa94-04c1-424b-9868-57a2d4851a1d" />
    <TestEntry testId="412ba3ad-e262-b53b-5f3e-b24ef3818b63" executionId="8662e6a2-347e-4f0d-bd2b-bc3f12f8a27e" testListId="8c84fa94-04c1-424b-9868-57a2d4851a1d" />
    <TestEntry testId="43ece54b-5582-ac28-77d4-e998fcdd1b12" executionId="43011c6a-e135-4f60-abc3-c2f85cbff17e" testListId="8c84fa94-04c1-424b-9868-57a2d4851a1d" />
    <TestEntry testId="4e595a02-5165-da07-70ba-b9273875f461" executionId="381390ad-0381-4693-a859-d1d358d11b0e" testListId="8c84fa94-04c1-424b-9868-57a2d4851a1d" />
    <TestEntry testId="5dcfc424-f7b4-7105-8417-b869a2c3dcbd" executionId="23877e79-3490-4eec-9702-495fd25af41e" testListId="8c84fa94-04c1-424b-9868-57a2d4851a1d" />
    <TestEntry testId="83aa362c-31fd-bf2c-367e-e87fcdaf31d6" executionId="c4585c0a-d71d-4d43-8a99-d58faa334fda" testListId="8c84fa94-04c1-424b-9868-57a2d4851a1d" />
    <TestEntry testId="a3311cf5-6865-9b0e-dab6-15c9ba2b116c" executionId="88e8e3df-4081-4a3e-9f17-b4f1bd6c6b21" testListId="8c84fa94-04c1-424b-9868-57a2d4851a1d" />
    <TestEntry testId="aa743795-2613-887b-cfb9-0283e2e79f24" executionId="f3e9bad7-882a-4624-85d8-af95dac9cd86" testListId="8c84fa94-04c1-424b-9868-57a2d4851a1d" />
  </TestEntries>
  <Results>
    <UnitTestResult executionId="270f02c2-b123-482e-adab-fc2f90d341a6" testId="05712297-3e25-23eb-60d4-f2edfd671028" testName="parse_2_Items_1_Column_ColumnFirst" computerName="SIAD111W" duration="00:00:00.0316883" startTime="2014-04-16T13:38:49.2945225-04:00" endTime="2014-04-16T13:38:49.9115225-04:00" testType="13cdc9d9-ddb5-4fa4-a97d-d965ccfc6d4b" outcome="Passed" testListId="8c84fa94-04c1-424b-9868-57a2d4851a1d" relativeResultsDirectory="270f02c2-b123-482e-adab-fc2f90d341a6">
    </UnitTestResult>
    <UnitTestResult executionId="d4cc1877-e4a8-4d87-ac1d-ad72ee629a9b" testId="18a2a884-e382-71cf-ef19-72c0d72ba0cb" testName="parse_5_Items_2_Column_RowFirst" computerName="SIAD111W" duration="00:00:38.3779728" startTime="2014-04-16T13:38:49.9175225-04:00" endTime="2014-04-16T13:39:28.3145225-04:00" testType="13cdc9d9-ddb5-4fa4-a97d-d965ccfc6d4b" outcome="Passed" testListId="8c84fa94-04c1-424b-9868-57a2d4851a1d" relativeResultsDirectory="d4cc1877-e4a8-4d87-ac1d-ad72ee629a9b">
    </UnitTestResult>
    <UnitTestResult executionId="5757f89c-2200-4fdc-9c87-b4511f3667b1" testId="24103485-3cbe-2ccf-76b7-8389572004e1" testName="parse_Empty_Item_0_Row_ColumnFirst" computerName="SIAD111W" duration="00:00:00.0004189" startTime="2014-04-16T13:39:28.3200225-04:00" endTime="2014-04-16T13:39:28.3240225-04:00" testType="13cdc9d9-ddb5-4fa4-a97d-d965ccfc6d4b" outcome="Passed" testListId="8c84fa94-04c1-424b-9868-57a2d4851a1d" relativeResultsDirectory="5757f89c-2200-4fdc-9c87-b4511f3667b1">
    </UnitTestResult>
    <UnitTestResult executionId="6d20274c-29ec-438e-8be3-b90cd52d33f6" testId="3b512972-85e2-b8d2-b133-21490a0650fa" testName="parse_2_Item_1_Row_ColumnFirst" computerName="SIAD111W" duration="00:00:00.0003992" startTime="2014-04-16T13:39:28.3295225-04:00" endTime="2014-04-16T13:39:28.3345225-04:00" testType="13cdc9d9-ddb5-4fa4-a97d-d965ccfc6d4b" outcome="Passed" testListId="8c84fa94-04c1-424b-9868-57a2d4851a1d" relativeResultsDirectory="6d20274c-29ec-438e-8be3-b90cd52d33f6">
    </UnitTestResult>
    <UnitTestResult executionId="8662e6a2-347e-4f0d-bd2b-bc3f12f8a27e" testId="412ba3ad-e262-b53b-5f3e-b24ef3818b63" testName="parse_1_Item_2_Column_ColumnFirst" computerName="SIAD111W" duration="00:00:00.0002496" startTime="2014-04-16T13:39:28.3595225-04:00" endTime="2014-04-16T13:39:28.3635225-04:00" testType="13cdc9d9-ddb5-4fa4-a97d-d965ccfc6d4b" outcome="Passed" testListId="8c84fa94-04c1-424b-9868-57a2d4851a1d" relativeResultsDirectory="8662e6a2-347e-4f0d-bd2b-bc3f12f8a27e">
    </UnitTestResult>
    <UnitTestResult executionId="43011c6a-e135-4f60-abc3-c2f85cbff17e" testId="43ece54b-5582-ac28-77d4-e998fcdd1b12" testName="parse_3_Item_2_Row_ColumnFirst" computerName="SIAD111W" duration="00:00:01.0020774" startTime="2014-04-16T13:39:28.3685225-04:00" endTime="2014-04-16T13:39:29.3740225-04:00" testType="13cdc9d9-ddb5-4fa4-a97d-d965ccfc6d4b" outcome="Passed" testListId="8c84fa94-04c1-424b-9868-57a2d4851a1d" relativeResultsDirectory="43011c6a-e135-4f60-abc3-c2f85cbff17e">
    </UnitTestResult>
    <UnitTestResult executionId="381390ad-0381-4693-a859-d1d358d11b0e" testId="4e595a02-5165-da07-70ba-b9273875f461" testName="parse_1_Item_1_Row_ColumnFirst" computerName="SIAD111W" duration="00:00:00.0002301" startTime="2014-04-16T13:39:29.3800225-04:00" endTime="2014-04-16T13:39:29.3840225-04:00" testType="13cdc9d9-ddb5-4fa4-a97d-d965ccfc6d4b" outcome="Passed" testListId="8c84fa94-04c1-424b-9868-57a2d4851a1d" relativeResultsDirectory="381390ad-0381-4693-a859-d1d358d11b0e">
    </UnitTestResult>
    <UnitTestResult executionId="23877e79-3490-4eec-9702-495fd25af41e" testId="5dcfc424-f7b4-7105-8417-b869a2c3dcbd" testName="parse_Empty_No_Input" computerName="SIAD111W" duration="00:00:01.2058867" startTime="2014-04-16T13:39:29.3895225-04:00" endTime="2014-04-16T13:39:30.5990225-04:00" testType="13cdc9d9-ddb5-4fa4-a97d-d965ccfc6d4b" outcome="Passed" testListId="8c84fa94-04c1-424b-9868-57a2d4851a1d" relativeResultsDirectory="23877e79-3490-4eec-9702-495fd25af41e">
    </UnitTestResult>
    <UnitTestResult executionId="c4585c0a-d71d-4d43-8a99-d58faa334fda" testId="83aa362c-31fd-bf2c-367e-e87fcdaf31d6" testName="parse_1_Item_1_Column_ColumnFirst" computerName="SIAD111W" duration="00:00:00.0002832" startTime="2014-04-16T13:39:30.6055225-04:00" endTime="2014-04-16T13:39:30.6105225-04:00" testType="13cdc9d9-ddb5-4fa4-a97d-d965ccfc6d4b" outcome="Passed" testListId="8c84fa94-04c1-424b-9868-57a2d4851a1d" relativeResultsDirectory="c4585c0a-d71d-4d43-8a99-d58faa334fda">
    </UnitTestResult>
    <UnitTestResult executionId="88e8e3df-4081-4a3e-9f17-b4f1bd6c6b21" testId="a3311cf5-6865-9b0e-dab6-15c9ba2b116c" testName="parse_3_Item_1_Row_ColumnFirst" computerName="SIAD111W" duration="00:00:00.0003337" startTime="2014-04-16T13:39:30.6375225-04:00" endTime="2014-04-16T13:39:30.6425225-04:00" testType="13cdc9d9-ddb5-4fa4-a97d-d965ccfc6d4b" outcome="Passed" testListId="8c84fa94-04c1-424b-9868-57a2d4851a1d" relativeResultsDirectory="88e8e3df-4081-4a3e-9f17-b4f1bd6c6b21">
    </UnitTestResult>
    <UnitTestResult executionId="f3e9bad7-882a-4624-85d8-af95dac9cd86" testId="aa743795-2613-887b-cfb9-0283e2e79f24" testName="parse_5_Items_2_Column_ColumnFirst" computerName="SIAD111W" duration="00:00:00.0002968" startTime="2014-04-16T13:39:30.6490225-04:00" endTime="2014-04-16T13:39:30.6540225-04:00" testType="13cdc9d9-ddb5-4fa4-a97d-d965ccfc6d4b" outcome="Passed" testListId="8c84fa94-04c1-424b-9868-57a2d4851a1d" relativeResultsDirectory="f3e9bad7-882a-4624-85d8-af95dac9cd86">
    </UnitTestResult>
  </Results>
</TestRun>