<?xml version="1.0" encoding="UTF-8"?>
<TestRun id="ab4a3d9a-8759-4ebc-b1d0-90647bea5fe9" name="calvep@SIAD111W 2014-04-16 13:15:28" runUser="HOC\calvep" xmlns="http://microsoft.com/schemas/VisualStudio/TeamTest/2010">
  <TestSettings name="Local" id="96334962-906c-46c9-8522-73141da7f407">
    <Description>These are default test settings for a local test run.</Description>
    <Deployment enabled="false" runDeploymentRoot="calvep_SIAD111W 2014-04-16 13_15_28">
      <DeploymentItem filename="C:\Program Files\Laurent Bugnion (GalaSoft)\Mvvm Light Toolkit\Binaries\WPF4\GalaSoft.MvvmLight.WPF4.dll" />
      <DeploymentItem filename="D:\dev\Not-Hoc\Patware\Splitix\Splitix\bin\Debug\Splitix.exe" />
      <DeploymentItem filename="C:\Program Files\Laurent Bugnion (GalaSoft)\Mvvm Light Toolkit\Binaries\WPF4\Microsoft.Practices.ServiceLocation.dll" />
      <DeploymentItem filename="C:\Program Files\Laurent Bugnion (GalaSoft)\Mvvm Light Toolkit\Binaries\WPF4\System.Windows.Interactivity.dll" />
      <DeploymentItem filename="C:\Program Files\Laurent Bugnion (GalaSoft)\Mvvm Light Toolkit\Binaries\WPF4\GalaSoft.MvvmLight.Extras.WPF4.dll" />
    </Deployment>
    <Execution>
      <TestTypeSpecific />
      <AgentRule name="Execution Agents">
      </AgentRule>
    </Execution>
  </TestSettings>
  <Times creation="2014-04-16T13:15:28.6600225-04:00" queuing="2014-04-16T13:15:28.8900225-04:00" start="2014-04-16T13:15:28.9280225-04:00" finish="2014-04-16T13:15:29.3005225-04:00" />
  <ResultSummary outcome="Failed">
    <Counters total="10" executed="10" passed="8" error="0" failed="2" timeout="0" aborted="0" inconclusive="0" passedButRunAborted="0" notRunnable="0" notExecuted="0" disconnected="0" warning="0" completed="0" inProgress="0" pending="0" />
  </ResultSummary>
  <TestDefinitions>
    <UnitTest name="parseIntoItemsPerColumn_2_Strings_1_ItemPerColumn" storage="d:\dev\not-hoc\patware\splitix\splitix.testproject\bin\debug\splitix.testproject.dll" id="b754497b-5983-f49f-3677-2227d05031f9">
      <Execution id="025b688f-9c78-464e-a3de-1086d408b589" />
      <TestMethod codeBase="D:/dev/Not-Hoc/Patware/Splitix/Splitix.TestProject/bin/Debug/Splitix.TestProject.DLL" adapterTypeName="Microsoft.VisualStudio.TestTools.TestTypes.Unit.UnitTestAdapter, Microsoft.VisualStudio.QualityTools.Tips.UnitTest.Adapter, Version=10.0.0.0, Culture=neutral, PublicKeyToken=b03f5f7f11d50a3a" className="Splitix.TestProject.InputParserTest, Splitix.TestProject, Version=1.0.0.0, Culture=neutral, PublicKeyToken=null" name="parseIntoItemsPerColumn_2_Strings_1_ItemPerColumn" />
    </UnitTest>
    <UnitTest name="parseIntoItemsPerColumn_No_Input" storage="d:\dev\not-hoc\patware\splitix\splitix.testproject\bin\debug\splitix.testproject.dll" id="2745857b-245a-5252-5eca-e22a70d04d20">
      <Execution id="f9ec1dc8-7a6d-40ad-ae68-4ac85f573dc9" />
      <TestMethod codeBase="D:/dev/Not-Hoc/Patware/Splitix/Splitix.TestProject/bin/Debug/Splitix.TestProject.DLL" adapterTypeName="Microsoft.VisualStudio.TestTools.TestTypes.Unit.UnitTestAdapter, Microsoft.VisualStudio.QualityTools.Tips.UnitTest.Adapter, Version=10.0.0.0, Culture=neutral, PublicKeyToken=b03f5f7f11d50a3a" className="Splitix.TestProject.InputParserTest, Splitix.TestProject, Version=1.0.0.0, Culture=neutral, PublicKeyToken=null" name="parseIntoItemsPerColumn_No_Input" />
    </UnitTest>
    <UnitTest name="parseIntoItemsPerColumn_1_Strings_1_ItemPerColumn" storage="d:\dev\not-hoc\patware\splitix\splitix.testproject\bin\debug\splitix.testproject.dll" id="295a8d41-88b0-4bed-aae9-06fc99c863de">
      <Execution id="dc6c14ec-bbc7-4411-bf05-5cb838b62aa0" />
      <TestMethod codeBase="D:/dev/Not-Hoc/Patware/Splitix/Splitix.TestProject/bin/Debug/Splitix.TestProject.DLL" adapterTypeName="Microsoft.VisualStudio.TestTools.TestTypes.Unit.UnitTestAdapter, Microsoft.VisualStudio.QualityTools.Tips.UnitTest.Adapter, Version=10.0.0.0, Culture=neutral, PublicKeyToken=b03f5f7f11d50a3a" className="Splitix.TestProject.InputParserTest, Splitix.TestProject, Version=1.0.0.0, Culture=neutral, PublicKeyToken=null" name="parseIntoItemsPerColumn_1_Strings_1_ItemPerColumn" />
    </UnitTest>
    <UnitTest name="parseIntoColumns_3_Strings_1_Column" storage="d:\dev\not-hoc\patware\splitix\splitix.testproject\bin\debug\splitix.testproject.dll" id="dd0e252f-67f1-ad9d-9c90-04ae3bf05420">
      <Execution id="b6e710ab-2248-4cdf-8532-f8f8a604a193" />
      <TestMethod codeBase="D:/dev/Not-Hoc/Patware/Splitix/Splitix.TestProject/bin/Debug/Splitix.TestProject.DLL" adapterTypeName="Microsoft.VisualStudio.TestTools.TestTypes.Unit.UnitTestAdapter, Microsoft.VisualStudio.QualityTools.Tips.UnitTest.Adapter, Version=10.0.0.0, Culture=neutral, PublicKeyToken=b03f5f7f11d50a3a" className="Splitix.TestProject.InputParserTest, Splitix.TestProject, Version=1.0.0.0, Culture=neutral, PublicKeyToken=null" name="parseIntoColumns_3_Strings_1_Column" />
    </UnitTest>
    <UnitTest name="parseIntoColumns_3_Strings_2_Column" storage="d:\dev\not-hoc\patware\splitix\splitix.testproject\bin\debug\splitix.testproject.dll" id="3aa5b040-6712-f5d6-1a17-6366b14340f0">
      <Execution id="32071ab1-2c71-47cf-8559-83b2bb3153a4" />
      <TestMethod codeBase="D:/dev/Not-Hoc/Patware/Splitix/Splitix.TestProject/bin/Debug/Splitix.TestProject.DLL" adapterTypeName="Microsoft.VisualStudio.TestTools.TestTypes.Unit.UnitTestAdapter, Microsoft.VisualStudio.QualityTools.Tips.UnitTest.Adapter, Version=10.0.0.0, Culture=neutral, PublicKeyToken=b03f5f7f11d50a3a" className="Splitix.TestProject.InputParserTest, Splitix.TestProject, Version=1.0.0.0, Culture=neutral, PublicKeyToken=null" name="parseIntoColumns_3_Strings_2_Column" />
    </UnitTest>
    <UnitTest name="parseIntoColumns_No_Input" storage="d:\dev\not-hoc\patware\splitix\splitix.testproject\bin\debug\splitix.testproject.dll" id="26d72543-a34e-71fe-fa74-3eba4ab42cca">
      <Execution id="906957ee-8d0b-4a17-9ff0-2a5a96086329" />
      <TestMethod codeBase="D:/dev/Not-Hoc/Patware/Splitix/Splitix.TestProject/bin/Debug/Splitix.TestProject.DLL" adapterTypeName="Microsoft.VisualStudio.TestTools.TestTypes.Unit.UnitTestAdapter, Microsoft.VisualStudio.QualityTools.Tips.UnitTest.Adapter, Version=10.0.0.0, Culture=neutral, PublicKeyToken=b03f5f7f11d50a3a" className="Splitix.TestProject.InputParserTest, Splitix.TestProject, Version=1.0.0.0, Culture=neutral, PublicKeyToken=null" name="parseIntoColumns_No_Input" />
    </UnitTest>
    <UnitTest name="parseIntoColumns_1_Strings_1_Column" storage="d:\dev\not-hoc\patware\splitix\splitix.testproject\bin\debug\splitix.testproject.dll" id="f3554f5a-6d63-5230-7f92-f231bb3a7ea4">
      <Execution id="22a3b75e-666c-475a-a01b-3f1a259e5e67" />
      <TestMethod codeBase="D:/dev/Not-Hoc/Patware/Splitix/Splitix.TestProject/bin/Debug/Splitix.TestProject.DLL" adapterTypeName="Microsoft.VisualStudio.TestTools.TestTypes.Unit.UnitTestAdapter, Microsoft.VisualStudio.QualityTools.Tips.UnitTest.Adapter, Version=10.0.0.0, Culture=neutral, PublicKeyToken=b03f5f7f11d50a3a" className="Splitix.TestProject.InputParserTest, Splitix.TestProject, Version=1.0.0.0, Culture=neutral, PublicKeyToken=null" name="parseIntoColumns_1_Strings_1_Column" />
    </UnitTest>
    <UnitTest name="parseIntoItemsPerColumn_5_Strings_2_ItemPerColumn" storage="d:\dev\not-hoc\patware\splitix\splitix.testproject\bin\debug\splitix.testproject.dll" id="76bacfa0-9d2c-d6fc-4b38-733334c7b3f9">
      <Execution id="1caed11c-9357-4d3c-bc28-1c83e4dc0048" />
      <TestMethod codeBase="D:/dev/Not-Hoc/Patware/Splitix/Splitix.TestProject/bin/Debug/Splitix.TestProject.DLL" adapterTypeName="Microsoft.VisualStudio.TestTools.TestTypes.Unit.UnitTestAdapter, Microsoft.VisualStudio.QualityTools.Tips.UnitTest.Adapter, Version=10.0.0.0, Culture=neutral, PublicKeyToken=b03f5f7f11d50a3a" className="Splitix.TestProject.InputParserTest, Splitix.TestProject, Version=1.0.0.0, Culture=neutral, PublicKeyToken=null" name="parseIntoItemsPerColumn_5_Strings_2_ItemPerColumn" />
    </UnitTest>
    <UnitTest name="parseIntoItemsPerColumn_1_Strings_2_ItemPerColumn" storage="d:\dev\not-hoc\patware\splitix\splitix.testproject\bin\debug\splitix.testproject.dll" id="a9e8fe3b-fb5c-0cb0-8117-12c974ad5c97">
      <Execution id="46408a6e-cee5-4890-9bf0-91374554cf4a" />
      <TestMethod codeBase="D:/dev/Not-Hoc/Patware/Splitix/Splitix.TestProject/bin/Debug/Splitix.TestProject.DLL" adapterTypeName="Microsoft.VisualStudio.TestTools.TestTypes.Unit.UnitTestAdapter, Microsoft.VisualStudio.QualityTools.Tips.UnitTest.Adapter, Version=10.0.0.0, Culture=neutral, PublicKeyToken=b03f5f7f11d50a3a" className="Splitix.TestProject.InputParserTest, Splitix.TestProject, Version=1.0.0.0, Culture=neutral, PublicKeyToken=null" name="parseIntoItemsPerColumn_1_Strings_2_ItemPerColumn" />
    </UnitTest>
    <UnitTest name="parseIntoColumns_2_Strings_1_Column" storage="d:\dev\not-hoc\patware\splitix\splitix.testproject\bin\debug\splitix.testproject.dll" id="ea913397-c704-acf2-a4b8-6ab0c1638e69">
      <Execution id="37ea8561-192e-41e2-8d5e-5538aab31c5d" />
      <TestMethod codeBase="D:/dev/Not-Hoc/Patware/Splitix/Splitix.TestProject/bin/Debug/Splitix.TestProject.DLL" adapterTypeName="Microsoft.VisualStudio.TestTools.TestTypes.Unit.UnitTestAdapter, Microsoft.VisualStudio.QualityTools.Tips.UnitTest.Adapter, Version=10.0.0.0, Culture=neutral, PublicKeyToken=b03f5f7f11d50a3a" className="Splitix.TestProject.InputParserTest, Splitix.TestProject, Version=1.0.0.0, Culture=neutral, PublicKeyToken=null" name="parseIntoColumns_2_Strings_1_Column" />
    </UnitTest>
  </TestDefinitions>
  <TestLists>
    <TestList name="Results Not in a List" id="8c84fa94-04c1-424b-9868-57a2d4851a1d" />
    <TestList name="All Loaded Results" id="19431567-8539-422a-85d7-44ee4e166bda" />
  </TestLists>
  <TestEntries>
    <TestEntry testId="26d72543-a34e-71fe-fa74-3eba4ab42cca" executionId="906957ee-8d0b-4a17-9ff0-2a5a96086329" testListId="8c84fa94-04c1-424b-9868-57a2d4851a1d" />
    <TestEntry testId="2745857b-245a-5252-5eca-e22a70d04d20" executionId="f9ec1dc8-7a6d-40ad-ae68-4ac85f573dc9" testListId="8c84fa94-04c1-424b-9868-57a2d4851a1d" />
    <TestEntry testId="295a8d41-88b0-4bed-aae9-06fc99c863de" executionId="dc6c14ec-bbc7-4411-bf05-5cb838b62aa0" testListId="8c84fa94-04c1-424b-9868-57a2d4851a1d" />
    <TestEntry testId="3aa5b040-6712-f5d6-1a17-6366b14340f0" executionId="32071ab1-2c71-47cf-8559-83b2bb3153a4" testListId="8c84fa94-04c1-424b-9868-57a2d4851a1d" />
    <TestEntry testId="76bacfa0-9d2c-d6fc-4b38-733334c7b3f9" executionId="1caed11c-9357-4d3c-bc28-1c83e4dc0048" testListId="8c84fa94-04c1-424b-9868-57a2d4851a1d" />
    <TestEntry testId="a9e8fe3b-fb5c-0cb0-8117-12c974ad5c97" executionId="46408a6e-cee5-4890-9bf0-91374554cf4a" testListId="8c84fa94-04c1-424b-9868-57a2d4851a1d" />
    <TestEntry testId="b754497b-5983-f49f-3677-2227d05031f9" executionId="025b688f-9c78-464e-a3de-1086d408b589" testListId="8c84fa94-04c1-424b-9868-57a2d4851a1d" />
    <TestEntry testId="dd0e252f-67f1-ad9d-9c90-04ae3bf05420" executionId="b6e710ab-2248-4cdf-8532-f8f8a604a193" testListId="8c84fa94-04c1-424b-9868-57a2d4851a1d" />
    <TestEntry testId="ea913397-c704-acf2-a4b8-6ab0c1638e69" executionId="37ea8561-192e-41e2-8d5e-5538aab31c5d" testListId="8c84fa94-04c1-424b-9868-57a2d4851a1d" />
    <TestEntry testId="f3554f5a-6d63-5230-7f92-f231bb3a7ea4" executionId="22a3b75e-666c-475a-a01b-3f1a259e5e67" testListId="8c84fa94-04c1-424b-9868-57a2d4851a1d" />
  </TestEntries>
  <Results>
    <UnitTestResult executionId="906957ee-8d0b-4a17-9ff0-2a5a96086329" testId="26d72543-a34e-71fe-fa74-3eba4ab42cca" testName="parseIntoColumns_No_Input" computerName="SIAD111W" duration="00:00:00.0251064" startTime="2014-04-16T13:15:28.9375225-04:00" endTime="2014-04-16T13:15:29.2205225-04:00" testType="13cdc9d9-ddb5-4fa4-a97d-d965ccfc6d4b" outcome="Passed" testListId="8c84fa94-04c1-424b-9868-57a2d4851a1d" relativeResultsDirectory="906957ee-8d0b-4a17-9ff0-2a5a96086329">
    </UnitTestResult>
    <UnitTestResult executionId="f9ec1dc8-7a6d-40ad-ae68-4ac85f573dc9" testId="2745857b-245a-5252-5eca-e22a70d04d20" testName="parseIntoItemsPerColumn_No_Input" computerName="SIAD111W" duration="00:00:00.0002306" startTime="2014-04-16T13:15:29.2240225-04:00" endTime="2014-04-16T13:15:29.2265225-04:00" testType="13cdc9d9-ddb5-4fa4-a97d-d965ccfc6d4b" outcome="Passed" testListId="8c84fa94-04c1-424b-9868-57a2d4851a1d" relativeResultsDirectory="f9ec1dc8-7a6d-40ad-ae68-4ac85f573dc9">
    </UnitTestResult>
    <UnitTestResult executionId="dc6c14ec-bbc7-4411-bf05-5cb838b62aa0" testId="295a8d41-88b0-4bed-aae9-06fc99c863de" testName="parseIntoItemsPerColumn_1_Strings_1_ItemPerColumn" computerName="SIAD111W" duration="00:00:00.0001935" startTime="2014-04-16T13:15:29.2295225-04:00" endTime="2014-04-16T13:15:29.2315225-04:00" testType="13cdc9d9-ddb5-4fa4-a97d-d965ccfc6d4b" outcome="Passed" testListId="8c84fa94-04c1-424b-9868-57a2d4851a1d" relativeResultsDirectory="dc6c14ec-bbc7-4411-bf05-5cb838b62aa0">
    </UnitTestResult>
    <UnitTestResult executionId="32071ab1-2c71-47cf-8559-83b2bb3153a4" testId="3aa5b040-6712-f5d6-1a17-6366b14340f0" testName="parseIntoColumns_3_Strings_2_Column" computerName="SIAD111W" duration="00:00:00.0154240" startTime="2014-04-16T13:15:29.2345225-04:00" endTime="2014-04-16T13:15:29.2520225-04:00" testType="13cdc9d9-ddb5-4fa4-a97d-d965ccfc6d4b" outcome="Failed" testListId="8c84fa94-04c1-424b-9868-57a2d4851a1d" relativeResultsDirectory="32071ab1-2c71-47cf-8559-83b2bb3153a4">
      <Output>
        <ErrorInfo>
          <Message>Assert.AreEqual failed. Expected:&lt;A	C
B&gt;. Actual:&lt;A
B
C&gt;. </Message>
          <StackTrace>   at Splitix.TestProject.InputParserTest.parseIntoColumns_3_Strings_2_Column() in D:\dev\Not-Hoc\Patware\Splitix\Splitix.TestProject\InputParserTest.cs:line 194
</StackTrace>
        </ErrorInfo>
      </Output>
    </UnitTestResult>
    <UnitTestResult executionId="1caed11c-9357-4d3c-bc28-1c83e4dc0048" testId="76bacfa0-9d2c-d6fc-4b38-733334c7b3f9" testName="parseIntoItemsPerColumn_5_Strings_2_ItemPerColumn" computerName="SIAD111W" duration="00:00:00.0013139" startTime="2014-04-16T13:15:29.2550225-04:00" endTime="2014-04-16T13:15:29.2585225-04:00" testType="13cdc9d9-ddb5-4fa4-a97d-d965ccfc6d4b" outcome="Failed" testListId="8c84fa94-04c1-424b-9868-57a2d4851a1d" relativeResultsDirectory="1caed11c-9357-4d3c-bc28-1c83e4dc0048">
      <Output>
        <ErrorInfo>
          <Message>Assert.AreEqual failed. Expected:&lt;A	C	E
B	D&gt;. Actual:&lt;A	B	C	D	E&gt;. </Message>
          <StackTrace>   at Splitix.TestProject.InputParserTest.parseIntoItemsPerColumn_5_Strings_2_ItemPerColumn() in D:\dev\Not-Hoc\Patware\Splitix\Splitix.TestProject\InputParserTest.cs:line 130
</StackTrace>
        </ErrorInfo>
      </Output>
    </UnitTestResult>
    <UnitTestResult executionId="46408a6e-cee5-4890-9bf0-91374554cf4a" testId="a9e8fe3b-fb5c-0cb0-8117-12c974ad5c97" testName="parseIntoItemsPerColumn_1_Strings_2_ItemPerColumn" computerName="SIAD111W" duration="00:00:00.0002019" startTime="2014-04-16T13:15:29.2620225-04:00" endTime="2014-04-16T13:15:29.2640225-04:00" testType="13cdc9d9-ddb5-4fa4-a97d-d965ccfc6d4b" outcome="Passed" testListId="8c84fa94-04c1-424b-9868-57a2d4851a1d" relativeResultsDirectory="46408a6e-cee5-4890-9bf0-91374554cf4a">
    </UnitTestResult>
    <UnitTestResult executionId="025b688f-9c78-464e-a3de-1086d408b589" testId="b754497b-5983-f49f-3677-2227d05031f9" testName="parseIntoItemsPerColumn_2_Strings_1_ItemPerColumn" computerName="SIAD111W" duration="00:00:00.0002021" startTime="2014-04-16T13:15:29.2675225-04:00" endTime="2014-04-16T13:15:29.2695225-04:00" testType="13cdc9d9-ddb5-4fa4-a97d-d965ccfc6d4b" outcome="Passed" testListId="8c84fa94-04c1-424b-9868-57a2d4851a1d" relativeResultsDirectory="025b688f-9c78-464e-a3de-1086d408b589">
    </UnitTestResult>
    <UnitTestResult executionId="b6e710ab-2248-4cdf-8532-f8f8a604a193" testId="dd0e252f-67f1-ad9d-9c90-04ae3bf05420" testName="parseIntoColumns_3_Strings_1_Column" computerName="SIAD111W" duration="00:00:00.0001958" startTime="2014-04-16T13:15:29.2725225-04:00" endTime="2014-04-16T13:15:29.2745225-04:00" testType="13cdc9d9-ddb5-4fa4-a97d-d965ccfc6d4b" outcome="Passed" testListId="8c84fa94-04c1-424b-9868-57a2d4851a1d" relativeResultsDirectory="b6e710ab-2248-4cdf-8532-f8f8a604a193">
    </UnitTestResult>
    <UnitTestResult executionId="37ea8561-192e-41e2-8d5e-5538aab31c5d" testId="ea913397-c704-acf2-a4b8-6ab0c1638e69" testName="parseIntoColumns_2_Strings_1_Column" computerName="SIAD111W" duration="00:00:00.0001989" startTime="2014-04-16T13:15:29.2775225-04:00" endTime="2014-04-16T13:15:29.2795225-04:00" testType="13cdc9d9-ddb5-4fa4-a97d-d965ccfc6d4b" outcome="Passed" testListId="8c84fa94-04c1-424b-9868-57a2d4851a1d" relativeResultsDirectory="37ea8561-192e-41e2-8d5e-5538aab31c5d">
    </UnitTestResult>
    <UnitTestResult executionId="22a3b75e-666c-475a-a01b-3f1a259e5e67" testId="f3554f5a-6d63-5230-7f92-f231bb3a7ea4" testName="parseIntoColumns_1_Strings_1_Column" computerName="SIAD111W" duration="00:00:00.0001988" startTime="2014-04-16T13:15:29.2825225-04:00" endTime="2014-04-16T13:15:29.2845225-04:00" testType="13cdc9d9-ddb5-4fa4-a97d-d965ccfc6d4b" outcome="Passed" testListId="8c84fa94-04c1-424b-9868-57a2d4851a1d" relativeResultsDirectory="22a3b75e-666c-475a-a01b-3f1a259e5e67">
    </UnitTestResult>
  </Results>
</TestRun>