<?xml version="1.0" encoding="UTF-8"?>
<TestRun id="f3eb81af-e7ac-47d0-828a-9e245acb4d2e" name="calvep@SIAD111W 2014-04-15 12:02:28" runUser="HOC\calvep" xmlns="http://microsoft.com/schemas/VisualStudio/TeamTest/2010">
  <TestSettings name="Local" id="96334962-906c-46c9-8522-73141da7f407">
    <Description>These are default test settings for a local test run.</Description>
    <Deployment enabled="false" runDeploymentRoot="calvep_SIAD111W 2014-04-15 12_02_28">
      <DeploymentItem filename="C:\Program Files\Laurent Bugnion (GalaSoft)\Mvvm Light Toolkit\Binaries\WPF4\GalaSoft.MvvmLight.WPF4.dll" />
      <DeploymentItem filename="D:\dev\Not-Hoc\Patware\Splitix\Splitix\bin\Debug\Splitix.exe" />
      <DeploymentItem filename="C:\Program Files\Laurent Bugnion (GalaSoft)\Mvvm Light Toolkit\Binaries\WPF4\Microsoft.Practices.ServiceLocation.dll" />
      <DeploymentItem filename="C:\Program Files\Laurent Bugnion (GalaSoft)\Mvvm Light Toolkit\Binaries\WPF4\System.Windows.Interactivity.dll" />
      <DeploymentItem filename="C:\Program Files\Laurent Bugnion (GalaSoft)\Mvvm Light Toolkit\Binaries\WPF4\GalaSoft.MvvmLight.Extras.WPF4.dll" />
    </Deployment>
    <Execution>
      <TestTypeSpecific />
      <AgentRule name="Execution Agents">
      </AgentRule>
    </Execution>
  </TestSettings>
  <Times creation="2014-04-15T12:02:28.1440903-04:00" queuing="2014-04-15T12:02:28.1990903-04:00" start="2014-04-15T12:02:28.2045903-04:00" finish="2014-04-15T12:02:28.4320903-04:00" />
  <ResultSummary outcome="Failed">
    <Counters total="8" executed="8" passed="6" error="0" failed="2" timeout="0" aborted="0" inconclusive="0" passedButRunAborted="0" notRunnable="0" notExecuted="0" disconnected="0" warning="0" completed="0" inProgress="0" pending="0" />
  </ResultSummary>
  <TestDefinitions>
    <UnitTest name="parseIntoItemsPerColumn_2_Strings_1_ItemPerColumn" storage="d:\dev\not-hoc\patware\splitix\splitix.testproject\bin\debug\splitix.testproject.dll" id="b754497b-5983-f49f-3677-2227d05031f9">
      <Execution id="c86f0f34-bde2-41e3-9869-5a34f38542bf" />
      <TestMethod codeBase="D:/dev/Not-Hoc/Patware/Splitix/Splitix.TestProject/bin/Debug/Splitix.TestProject.DLL" adapterTypeName="Microsoft.VisualStudio.TestTools.TestTypes.Unit.UnitTestAdapter, Microsoft.VisualStudio.QualityTools.Tips.UnitTest.Adapter, Version=10.0.0.0, Culture=neutral, PublicKeyToken=b03f5f7f11d50a3a" className="Splitix.TestProject.InputParserTest, Splitix.TestProject, Version=1.0.0.0, Culture=neutral, PublicKeyToken=null" name="parseIntoItemsPerColumn_2_Strings_1_ItemPerColumn" />
    </UnitTest>
    <UnitTest name="parseIntoColumns_No_Input" storage="d:\dev\not-hoc\patware\splitix\splitix.testproject\bin\debug\splitix.testproject.dll" id="26d72543-a34e-71fe-fa74-3eba4ab42cca">
      <Execution id="8de097e6-8678-4706-bf77-db55e51b29e4" />
      <TestMethod codeBase="D:/dev/Not-Hoc/Patware/Splitix/Splitix.TestProject/bin/Debug/Splitix.TestProject.DLL" adapterTypeName="Microsoft.VisualStudio.TestTools.TestTypes.Unit.UnitTestAdapter, Microsoft.VisualStudio.QualityTools.Tips.UnitTest.Adapter, Version=10.0.0.0, Culture=neutral, PublicKeyToken=b03f5f7f11d50a3a" className="Splitix.TestProject.InputParserTest, Splitix.TestProject, Version=1.0.0.0, Culture=neutral, PublicKeyToken=null" name="parseIntoColumns_No_Input" />
    </UnitTest>
    <UnitTest name="parseIntoColumns_2_Strings_1_Column" storage="d:\dev\not-hoc\patware\splitix\splitix.testproject\bin\debug\splitix.testproject.dll" id="ea913397-c704-acf2-a4b8-6ab0c1638e69">
      <Execution id="da5ffcd6-641e-4f85-aae5-47955b66d819" />
      <TestMethod codeBase="D:/dev/Not-Hoc/Patware/Splitix/Splitix.TestProject/bin/Debug/Splitix.TestProject.DLL" adapterTypeName="Microsoft.VisualStudio.TestTools.TestTypes.Unit.UnitTestAdapter, Microsoft.VisualStudio.QualityTools.Tips.UnitTest.Adapter, Version=10.0.0.0, Culture=neutral, PublicKeyToken=b03f5f7f11d50a3a" className="Splitix.TestProject.InputParserTest, Splitix.TestProject, Version=1.0.0.0, Culture=neutral, PublicKeyToken=null" name="parseIntoColumns_2_Strings_1_Column" />
    </UnitTest>
    <UnitTest name="parseIntoItemsPerColumn_5_Strings_2_ItemPerColumn" storage="d:\dev\not-hoc\patware\splitix\splitix.testproject\bin\debug\splitix.testproject.dll" id="76bacfa0-9d2c-d6fc-4b38-733334c7b3f9">
      <Execution id="b12b224c-17c3-4b99-b498-82baf5c1549d" />
      <TestMethod codeBase="D:/dev/Not-Hoc/Patware/Splitix/Splitix.TestProject/bin/Debug/Splitix.TestProject.DLL" adapterTypeName="Microsoft.VisualStudio.TestTools.TestTypes.Unit.UnitTestAdapter, Microsoft.VisualStudio.QualityTools.Tips.UnitTest.Adapter, Version=10.0.0.0, Culture=neutral, PublicKeyToken=b03f5f7f11d50a3a" className="Splitix.TestProject.InputParserTest, Splitix.TestProject, Version=1.0.0.0, Culture=neutral, PublicKeyToken=null" name="parseIntoItemsPerColumn_5_Strings_2_ItemPerColumn" />
    </UnitTest>
    <UnitTest name="parseIntoColumns_1_Strings_1_Column" storage="d:\dev\not-hoc\patware\splitix\splitix.testproject\bin\debug\splitix.testproject.dll" id="f3554f5a-6d63-5230-7f92-f231bb3a7ea4">
      <Execution id="b8848aaf-b203-4bb7-b1fa-d3d81552ce13" />
      <TestMethod codeBase="D:/dev/Not-Hoc/Patware/Splitix/Splitix.TestProject/bin/Debug/Splitix.TestProject.DLL" adapterTypeName="Microsoft.VisualStudio.TestTools.TestTypes.Unit.UnitTestAdapter, Microsoft.VisualStudio.QualityTools.Tips.UnitTest.Adapter, Version=10.0.0.0, Culture=neutral, PublicKeyToken=b03f5f7f11d50a3a" className="Splitix.TestProject.InputParserTest, Splitix.TestProject, Version=1.0.0.0, Culture=neutral, PublicKeyToken=null" name="parseIntoColumns_1_Strings_1_Column" />
    </UnitTest>
    <UnitTest name="parseIntoItemsPerColumn_No_Input" storage="d:\dev\not-hoc\patware\splitix\splitix.testproject\bin\debug\splitix.testproject.dll" id="2745857b-245a-5252-5eca-e22a70d04d20">
      <Execution id="39a36a56-2dd0-443b-a7f8-9bc61b3285cb" />
      <TestMethod codeBase="D:/dev/Not-Hoc/Patware/Splitix/Splitix.TestProject/bin/Debug/Splitix.TestProject.DLL" adapterTypeName="Microsoft.VisualStudio.TestTools.TestTypes.Unit.UnitTestAdapter, Microsoft.VisualStudio.QualityTools.Tips.UnitTest.Adapter, Version=10.0.0.0, Culture=neutral, PublicKeyToken=b03f5f7f11d50a3a" className="Splitix.TestProject.InputParserTest, Splitix.TestProject, Version=1.0.0.0, Culture=neutral, PublicKeyToken=null" name="parseIntoItemsPerColumn_No_Input" />
    </UnitTest>
    <UnitTest name="parseIntoItemsPerColumn_1_Strings_2_ItemPerColumn" storage="d:\dev\not-hoc\patware\splitix\splitix.testproject\bin\debug\splitix.testproject.dll" id="a9e8fe3b-fb5c-0cb0-8117-12c974ad5c97">
      <Execution id="923cac1c-6102-4e87-bbeb-fc1f21e34b93" />
      <TestMethod codeBase="D:/dev/Not-Hoc/Patware/Splitix/Splitix.TestProject/bin/Debug/Splitix.TestProject.DLL" adapterTypeName="Microsoft.VisualStudio.TestTools.TestTypes.Unit.UnitTestAdapter, Microsoft.VisualStudio.QualityTools.Tips.UnitTest.Adapter, Version=10.0.0.0, Culture=neutral, PublicKeyToken=b03f5f7f11d50a3a" className="Splitix.TestProject.InputParserTest, Splitix.TestProject, Version=1.0.0.0, Culture=neutral, PublicKeyToken=null" name="parseIntoItemsPerColumn_1_Strings_2_ItemPerColumn" />
    </UnitTest>
    <UnitTest name="parseIntoItemsPerColumn_1_Strings_1_ItemPerColumn" storage="d:\dev\not-hoc\patware\splitix\splitix.testproject\bin\debug\splitix.testproject.dll" id="295a8d41-88b0-4bed-aae9-06fc99c863de">
      <Execution id="80cee933-ca47-4a87-bfb9-70eb4c06d4e7" />
      <TestMethod codeBase="D:/dev/Not-Hoc/Patware/Splitix/Splitix.TestProject/bin/Debug/Splitix.TestProject.DLL" adapterTypeName="Microsoft.VisualStudio.TestTools.TestTypes.Unit.UnitTestAdapter, Microsoft.VisualStudio.QualityTools.Tips.UnitTest.Adapter, Version=10.0.0.0, Culture=neutral, PublicKeyToken=b03f5f7f11d50a3a" className="Splitix.TestProject.InputParserTest, Splitix.TestProject, Version=1.0.0.0, Culture=neutral, PublicKeyToken=null" name="parseIntoItemsPerColumn_1_Strings_1_ItemPerColumn" />
    </UnitTest>
  </TestDefinitions>
  <TestLists>
    <TestList name="Results Not in a List" id="8c84fa94-04c1-424b-9868-57a2d4851a1d" />
    <TestList name="All Loaded Results" id="19431567-8539-422a-85d7-44ee4e166bda" />
  </TestLists>
  <TestEntries>
    <TestEntry testId="26d72543-a34e-71fe-fa74-3eba4ab42cca" executionId="8de097e6-8678-4706-bf77-db55e51b29e4" testListId="8c84fa94-04c1-424b-9868-57a2d4851a1d" />
    <TestEntry testId="2745857b-245a-5252-5eca-e22a70d04d20" executionId="39a36a56-2dd0-443b-a7f8-9bc61b3285cb" testListId="8c84fa94-04c1-424b-9868-57a2d4851a1d" />
    <TestEntry testId="295a8d41-88b0-4bed-aae9-06fc99c863de" executionId="80cee933-ca47-4a87-bfb9-70eb4c06d4e7" testListId="8c84fa94-04c1-424b-9868-57a2d4851a1d" />
    <TestEntry testId="76bacfa0-9d2c-d6fc-4b38-733334c7b3f9" executionId="b12b224c-17c3-4b99-b498-82baf5c1549d" testListId="8c84fa94-04c1-424b-9868-57a2d4851a1d" />
    <TestEntry testId="a9e8fe3b-fb5c-0cb0-8117-12c974ad5c97" executionId="923cac1c-6102-4e87-bbeb-fc1f21e34b93" testListId="8c84fa94-04c1-424b-9868-57a2d4851a1d" />
    <TestEntry testId="b754497b-5983-f49f-3677-2227d05031f9" executionId="c86f0f34-bde2-41e3-9869-5a34f38542bf" testListId="8c84fa94-04c1-424b-9868-57a2d4851a1d" />
    <TestEntry testId="ea913397-c704-acf2-a4b8-6ab0c1638e69" executionId="da5ffcd6-641e-4f85-aae5-47955b66d819" testListId="8c84fa94-04c1-424b-9868-57a2d4851a1d" />
    <TestEntry testId="f3554f5a-6d63-5230-7f92-f231bb3a7ea4" executionId="b8848aaf-b203-4bb7-b1fa-d3d81552ce13" testListId="8c84fa94-04c1-424b-9868-57a2d4851a1d" />
  </TestEntries>
  <Results>
    <UnitTestResult executionId="8de097e6-8678-4706-bf77-db55e51b29e4" testId="26d72543-a34e-71fe-fa74-3eba4ab42cca" testName="parseIntoColumns_No_Input" computerName="SIAD111W" duration="00:00:00.0122315" startTime="2014-04-15T12:02:28.2085903-04:00" endTime="2014-04-15T12:02:28.3710903-04:00" testType="13cdc9d9-ddb5-4fa4-a97d-d965ccfc6d4b" outcome="Passed" testListId="8c84fa94-04c1-424b-9868-57a2d4851a1d" relativeResultsDirectory="8de097e6-8678-4706-bf77-db55e51b29e4">
    </UnitTestResult>
    <UnitTestResult executionId="39a36a56-2dd0-443b-a7f8-9bc61b3285cb" testId="2745857b-245a-5252-5eca-e22a70d04d20" testName="parseIntoItemsPerColumn_No_Input" computerName="SIAD111W" duration="00:00:00.0005361" startTime="2014-04-15T12:02:28.3740903-04:00" endTime="2014-04-15T12:02:28.3765903-04:00" testType="13cdc9d9-ddb5-4fa4-a97d-d965ccfc6d4b" outcome="Passed" testListId="8c84fa94-04c1-424b-9868-57a2d4851a1d" relativeResultsDirectory="39a36a56-2dd0-443b-a7f8-9bc61b3285cb">
    </UnitTestResult>
    <UnitTestResult executionId="80cee933-ca47-4a87-bfb9-70eb4c06d4e7" testId="295a8d41-88b0-4bed-aae9-06fc99c863de" testName="parseIntoItemsPerColumn_1_Strings_1_ItemPerColumn" computerName="SIAD111W" duration="00:00:00.0002503" startTime="2014-04-15T12:02:28.3795903-04:00" endTime="2014-04-15T12:02:28.3820903-04:00" testType="13cdc9d9-ddb5-4fa4-a97d-d965ccfc6d4b" outcome="Passed" testListId="8c84fa94-04c1-424b-9868-57a2d4851a1d" relativeResultsDirectory="80cee933-ca47-4a87-bfb9-70eb4c06d4e7">
    </UnitTestResult>
    <UnitTestResult executionId="b12b224c-17c3-4b99-b498-82baf5c1549d" testId="76bacfa0-9d2c-d6fc-4b38-733334c7b3f9" testName="parseIntoItemsPerColumn_5_Strings_2_ItemPerColumn" computerName="SIAD111W" duration="00:00:00.0104087" startTime="2014-04-15T12:02:28.3855903-04:00" endTime="2014-04-15T12:02:28.3980903-04:00" testType="13cdc9d9-ddb5-4fa4-a97d-d965ccfc6d4b" outcome="Failed" testListId="8c84fa94-04c1-424b-9868-57a2d4851a1d" relativeResultsDirectory="b12b224c-17c3-4b99-b498-82baf5c1549d">
      <Output>
        <ErrorInfo>
          <Message>Assert.AreEqual failed. Expected:&lt;A	C	E
B	D
&gt;. Actual:&lt;A	C	E
B	D&gt;. </Message>
          <StackTrace>   at Splitix.TestProject.InputParserTest.parseIntoItemsPerColumn_5_Strings_2_ItemPerColumn() in D:\dev\Not-Hoc\Patware\Splitix\Splitix.TestProject\InputParserTest.cs:line 130
</StackTrace>
        </ErrorInfo>
      </Output>
    </UnitTestResult>
    <UnitTestResult executionId="923cac1c-6102-4e87-bbeb-fc1f21e34b93" testId="a9e8fe3b-fb5c-0cb0-8117-12c974ad5c97" testName="parseIntoItemsPerColumn_1_Strings_2_ItemPerColumn" computerName="SIAD111W" duration="00:00:00.0002061" startTime="2014-04-15T12:02:28.4015903-04:00" endTime="2014-04-15T12:02:28.4035903-04:00" testType="13cdc9d9-ddb5-4fa4-a97d-d965ccfc6d4b" outcome="Passed" testListId="8c84fa94-04c1-424b-9868-57a2d4851a1d" relativeResultsDirectory="923cac1c-6102-4e87-bbeb-fc1f21e34b93">
    </UnitTestResult>
    <UnitTestResult executionId="c86f0f34-bde2-41e3-9869-5a34f38542bf" testId="b754497b-5983-f49f-3677-2227d05031f9" testName="parseIntoItemsPerColumn_2_Strings_1_ItemPerColumn" computerName="SIAD111W" duration="00:00:00.0011710" startTime="2014-04-15T12:02:28.4065903-04:00" endTime="2014-04-15T12:02:28.4095903-04:00" testType="13cdc9d9-ddb5-4fa4-a97d-d965ccfc6d4b" outcome="Failed" testListId="8c84fa94-04c1-424b-9868-57a2d4851a1d" relativeResultsDirectory="c86f0f34-bde2-41e3-9869-5a34f38542bf">
      <Output>
        <ErrorInfo>
          <Message>Assert.AreEqual failed. Expected:&lt;A	B
&gt;. Actual:&lt;A	B&gt;. </Message>
          <StackTrace>   at Splitix.TestProject.InputParserTest.parseIntoItemsPerColumn_2_Strings_1_ItemPerColumn() in D:\dev\Not-Hoc\Patware\Splitix\Splitix.TestProject\InputParserTest.cs:line 117
</StackTrace>
        </ErrorInfo>
      </Output>
    </UnitTestResult>
    <UnitTestResult executionId="da5ffcd6-641e-4f85-aae5-47955b66d819" testId="ea913397-c704-acf2-a4b8-6ab0c1638e69" testName="parseIntoColumns_2_Strings_1_Column" computerName="SIAD111W" duration="00:00:00.0002156" startTime="2014-04-15T12:02:28.4125903-04:00" endTime="2014-04-15T12:02:28.4150903-04:00" testType="13cdc9d9-ddb5-4fa4-a97d-d965ccfc6d4b" outcome="Passed" testListId="8c84fa94-04c1-424b-9868-57a2d4851a1d" relativeResultsDirectory="da5ffcd6-641e-4f85-aae5-47955b66d819">
    </UnitTestResult>
    <UnitTestResult executionId="b8848aaf-b203-4bb7-b1fa-d3d81552ce13" testId="f3554f5a-6d63-5230-7f92-f231bb3a7ea4" testName="parseIntoColumns_1_Strings_1_Column" computerName="SIAD111W" duration="00:00:00.0001978" startTime="2014-04-15T12:02:28.4180903-04:00" endTime="2014-04-15T12:02:28.4205903-04:00" testType="13cdc9d9-ddb5-4fa4-a97d-d965ccfc6d4b" outcome="Passed" testListId="8c84fa94-04c1-424b-9868-57a2d4851a1d" relativeResultsDirectory="b8848aaf-b203-4bb7-b1fa-d3d81552ce13">
    </UnitTestResult>
  </Results>
</TestRun>