<?xml version="1.0" encoding="UTF-8"?>
<TestRun id="f46bbfdc-6309-46f2-ae6a-2b07e2458d79" name="calvep@SIAD111W 2014-04-15 11:58:47" runUser="HOC\calvep" xmlns="http://microsoft.com/schemas/VisualStudio/TeamTest/2010">
  <TestSettings name="Local" id="96334962-906c-46c9-8522-73141da7f407">
    <Description>These are default test settings for a local test run.</Description>
    <Deployment enabled="false" runDeploymentRoot="calvep_SIAD111W 2014-04-15 11_58_47">
      <DeploymentItem filename="C:\Program Files\Laurent Bugnion (GalaSoft)\Mvvm Light Toolkit\Binaries\WPF4\GalaSoft.MvvmLight.WPF4.dll" />
      <DeploymentItem filename="D:\dev\Not-Hoc\Patware\Splitix\Splitix\bin\Debug\Splitix.exe" />
      <DeploymentItem filename="C:\Program Files\Laurent Bugnion (GalaSoft)\Mvvm Light Toolkit\Binaries\WPF4\Microsoft.Practices.ServiceLocation.dll" />
      <DeploymentItem filename="C:\Program Files\Laurent Bugnion (GalaSoft)\Mvvm Light Toolkit\Binaries\WPF4\System.Windows.Interactivity.dll" />
      <DeploymentItem filename="C:\Program Files\Laurent Bugnion (GalaSoft)\Mvvm Light Toolkit\Binaries\WPF4\GalaSoft.MvvmLight.Extras.WPF4.dll" />
    </Deployment>
    <Execution>
      <TestTypeSpecific />
      <AgentRule name="Execution Agents">
      </AgentRule>
    </Execution>
  </TestSettings>
  <Times creation="2014-04-15T11:58:47.6320903-04:00" queuing="2014-04-15T11:58:47.6765903-04:00" start="2014-04-15T11:58:47.6810903-04:00" finish="2014-04-15T11:58:47.8600903-04:00" />
  <ResultSummary outcome="Completed">
    <Counters total="1" executed="1" passed="1" error="0" failed="0" timeout="0" aborted="0" inconclusive="0" passedButRunAborted="0" notRunnable="0" notExecuted="0" disconnected="0" warning="0" completed="0" inProgress="0" pending="0" />
  </ResultSummary>
  <TestDefinitions>
    <UnitTest name="parseIntoItemsPerColumn_5_Strings_2_ItemPerColumn" storage="d:\dev\not-hoc\patware\splitix\splitix.testproject\bin\debug\splitix.testproject.dll" id="76bacfa0-9d2c-d6fc-4b38-733334c7b3f9">
      <Execution id="ead86315-7b54-4c9a-86c5-364d52d6ab15" />
      <TestMethod codeBase="D:/dev/Not-Hoc/Patware/Splitix/Splitix.TestProject/bin/Debug/Splitix.TestProject.DLL" adapterTypeName="Microsoft.VisualStudio.TestTools.TestTypes.Unit.UnitTestAdapter, Microsoft.VisualStudio.QualityTools.Tips.UnitTest.Adapter, Version=10.0.0.0, Culture=neutral, PublicKeyToken=b03f5f7f11d50a3a" className="Splitix.TestProject.InputParserTest, Splitix.TestProject, Version=1.0.0.0, Culture=neutral, PublicKeyToken=null" name="parseIntoItemsPerColumn_5_Strings_2_ItemPerColumn" />
    </UnitTest>
  </TestDefinitions>
  <TestLists>
    <TestList name="Results Not in a List" id="8c84fa94-04c1-424b-9868-57a2d4851a1d" />
    <TestList name="All Loaded Results" id="19431567-8539-422a-85d7-44ee4e166bda" />
  </TestLists>
  <TestEntries>
    <TestEntry testId="76bacfa0-9d2c-d6fc-4b38-733334c7b3f9" executionId="ead86315-7b54-4c9a-86c5-364d52d6ab15" testListId="8c84fa94-04c1-424b-9868-57a2d4851a1d" />
  </TestEntries>
  <Results>
    <UnitTestResult executionId="ead86315-7b54-4c9a-86c5-364d52d6ab15" testId="76bacfa0-9d2c-d6fc-4b38-733334c7b3f9" testName="parseIntoItemsPerColumn_5_Strings_2_ItemPerColumn" computerName="SIAD111W" duration="00:00:00.0133713" startTime="2014-04-15T11:58:47.6845903-04:00" endTime="2014-04-15T11:58:47.8480903-04:00" testType="13cdc9d9-ddb5-4fa4-a97d-d965ccfc6d4b" outcome="Passed" testListId="8c84fa94-04c1-424b-9868-57a2d4851a1d" relativeResultsDirectory="ead86315-7b54-4c9a-86c5-364d52d6ab15">
    </UnitTestResult>
  </Results>
</TestRun>